Loaded file data/shn/shn.lstm, unpacking...
Warning: LSTMTrainer deserialized an LSTMRecognizer!
Code range changed from 113 to 113!
Num (Extended) outputs,weights in Series:
  1,36,0,1:1, 0
Num (Extended) outputs,weights in Series:
  C3,3:9, 0
  Ft16:16, 160
Total weights = 160
  [C3,3Ft16]:16, 160
  Mp3,3:16, 0
  TxyLfys48:48, 12480
  Lfx96:96, 55680
  RxLrx96:96, 74112
  Lfx256:256, 361472
  Fc113:113, 29041
Total weights = 532945
Previous null char=112 mapped to 112
Continuing from data/shn/shn.lstm
2 Percent improvement time=100, best error was 100 @ 0
At iteration 100/100/100, mean rms=4.491%, delta=37.671%, BCER train=49.241%, BWER train=95.667%, skip ratio=0.000%, New best BCER = 49.241 wrote best model:data/shn/checkpoints/shn_49.241_100_100.checkpoint wrote checkpoint.
At iteration 200/200/200, mean rms=4.907%, delta=42.176%, BCER train=51.053%, BWER train=97.667%, skip ratio=0.000%, New worst BCER = 51.053 wrote checkpoint.
At iteration 300/300/300, mean rms=4.715%, delta=36.377%, BCER train=51.192%, BWER train=98.111%, skip ratio=0.000%, New worst BCER = 51.192 wrote checkpoint.
2 Percent improvement time=299, best error was 49.241 @ 100
At iteration 399/400/400, mean rms=4.338%, delta=29.821%, BCER train=46.888%, BWER train=98.333%, skip ratio=0.000%, New best BCER = 46.888 wrote best model:data/shn/checkpoints/shn_46.888_399_400.checkpoint wrote checkpoint.
2 Percent improvement time=97, best error was 46.888 @ 399
At iteration 496/500/500, mean rms=4.038%, delta=25.428%, BCER train=42.617%, BWER train=98.267%, skip ratio=0.000%, New best BCER = 42.617 wrote best model:data/shn/checkpoints/shn_42.617_496_500.checkpoint wrote checkpoint.
2 Percent improvement time=88, best error was 42.617 @ 496
At iteration 584/600/600, mean rms=3.783%, delta=22.186%, BCER train=38.628%, BWER train=97.472%, skip ratio=0.000%, New best BCER = 38.628 wrote best model:data/shn/checkpoints/shn_38.628_584_600.checkpoint wrote checkpoint.
2 Percent improvement time=77, best error was 38.628 @ 584
At iteration 661/700/700, mean rms=3.563%, delta=19.735%, BCER train=35.386%, BWER train=96.476%, skip ratio=0.000%, New best BCER = 35.386 wrote best model:data/shn/checkpoints/shn_35.386_661_700.checkpoint wrote checkpoint.
2 Percent improvement time=75, best error was 35.386 @ 661
At iteration 736/800/800, mean rms=3.384%, delta=17.851%, BCER train=32.904%, BWER train=95.000%, skip ratio=0.000%, New best BCER = 32.904 wrote best model:data/shn/checkpoints/shn_32.904_736_800.checkpoint wrote checkpoint.
2 Percent improvement time=153, best error was 35.386 @ 661
At iteration 814/900/900, mean rms=3.246%, delta=16.417%, BCER train=30.941%, BWER train=94.111%, skip ratio=0.000%, New best BCER = 30.941 wrote best model:data/shn/checkpoints/shn_30.941_814_900.checkpoint wrote checkpoint.
2 Percent improvement time=140, best error was 32.904 @ 736
At iteration 876/1000/1000, mean rms=3.113%, delta=15.140%, BCER train=29.050%, BWER train=92.950%, skip ratio=0.000%, New best BCER = 29.050 wrote best model:data/shn/checkpoints/shn_29.050_876_1000.checkpoint wrote checkpoint.
2 Percent improvement time=61, best error was 29.05 @ 876
At iteration 937/1100/1100, mean rms=2.834%, delta=11.663%, BCER train=25.099%, BWER train=90.200%, skip ratio=0.000%, New best BCER = 25.099 wrote best model:data/shn/checkpoints/shn_25.099_937_1100.checkpoint wrote checkpoint.
2 Percent improvement time=57, best error was 25.099 @ 937
At iteration 994/1200/1200, mean rms=2.478%, delta=7.310%, BCER train=20.894%, BWER train=88.617%, skip ratio=0.000%, New best BCER = 20.894 wrote best model:data/shn/checkpoints/shn_20.894_994_1200.checkpoint wrote checkpoint.
2 Percent improvement time=54, best error was 20.894 @ 994
At iteration 1048/1300/1300, mean rms=2.214%, delta=5.155%, BCER train=16.720%, BWER train=86.167%, skip ratio=0.000%, New best BCER = 16.720 wrote best model:data/shn/checkpoints/shn_16.720_1048_1300.checkpoint wrote checkpoint.
2 Percent improvement time=55, best error was 16.72 @ 1048
At iteration 1103/1400/1400, mean rms=2.053%, delta=4.412%, BCER train=14.242%, BWER train=83.317%, skip ratio=0.000%, New best BCER = 14.242 wrote best model:data/shn/checkpoints/shn_14.242_1103_1400.checkpoint wrote checkpoint.
2 Percent improvement time=112, best error was 16.72 @ 1048
At iteration 1160/1500/1500, mean rms=1.931%, delta=3.915%, BCER train=12.692%, BWER train=81.117%, skip ratio=0.000%, New best BCER = 12.692 wrote best model:data/shn/checkpoints/shn_12.692_1160_1500.checkpoint wrote checkpoint.
2 Percent improvement time=108, best error was 14.242 @ 1103
At iteration 1211/1600/1600, mean rms=1.835%, delta=3.558%, BCER train=11.683%, BWER train=78.683%, skip ratio=0.000%, New best BCER = 11.683 wrote best model:data/shn/checkpoints/shn_11.683_1211_1600.checkpoint wrote checkpoint.
2 Percent improvement time=155, best error was 14.242 @ 1103
At iteration 1258/1700/1700, mean rms=1.763%, delta=3.299%, BCER train=10.828%, BWER train=76.333%, skip ratio=0.000%, New best BCER = 10.828 wrote best model:data/shn/checkpoints/shn_10.828_1258_1700.checkpoint wrote checkpoint.
2 Percent improvement time=141, best error was 12.692 @ 1160
At iteration 1301/1800/1800, mean rms=1.693%, delta=3.086%, BCER train=10.042%, BWER train=73.467%, skip ratio=0.000%, New best BCER = 10.042 wrote best model:data/shn/checkpoints/shn_10.042_1301_1800.checkpoint wrote checkpoint.
2 Percent improvement time=130, best error was 11.683 @ 1211
At iteration 1341/1900/1900, mean rms=1.618%, delta=2.811%, BCER train=9.343%, BWER train=70.776%, skip ratio=0.000%, New best BCER = 9.343 Transitioned to stage 1 wrote best model:data/shn/checkpoints/shn_9.343_1341_1900.checkpoint wrote checkpoint.
2 Percent improvement time=172, best error was 11.683 @ 1211
At iteration 1383/2000/2000, mean rms=1.563%, delta=2.678%, BCER train=8.830%, BWER train=67.826%, skip ratio=0.000%, New best BCER = 8.830 wrote best model:data/shn/checkpoints/shn_8.830_1383_2000.checkpoint wrote checkpoint.
2 Percent improvement time=154, best error was 10.828 @ 1258
At iteration 1412/2100/2100, mean rms=1.516%, delta=2.526%, BCER train=8.386%, BWER train=66.060%, skip ratio=0.000%, New best BCER = 8.386 wrote best model:data/shn/checkpoints/shn_8.386_1412_2100.checkpoint wrote checkpoint.
2 Percent improvement time=148, best error was 10.042 @ 1301
At iteration 1449/2200/2200, mean rms=1.465%, delta=2.387%, BCER train=7.987%, BWER train=63.326%, skip ratio=0.000%, New best BCER = 7.987 wrote best model:data/shn/checkpoints/shn_7.987_1449_2200.checkpoint wrote checkpoint.
2 Percent improvement time=187, best error was 10.042 @ 1301
At iteration 1488/2300/2300, mean rms=1.416%, delta=2.227%, BCER train=7.453%, BWER train=60.718%, skip ratio=0.000%, New best BCER = 7.453 wrote best model:data/shn/checkpoints/shn_7.453_1488_2300.checkpoint wrote checkpoint.
2 Percent improvement time=235, best error was 10.042 @ 1301
At iteration 1536/2400/2400, mean rms=1.400%, delta=2.301%, BCER train=7.347%, BWER train=59.668%, skip ratio=0.000%, New best BCER = 7.347 wrote checkpoint.
2 Percent improvement time=235, best error was 9.343 @ 1341
At iteration 1576/2500/2500, mean rms=1.366%, delta=2.190%, BCER train=6.931%, BWER train=57.668%, skip ratio=0.000%, New best BCER = 6.931 wrote best model:data/shn/checkpoints/shn_6.931_1576_2500.checkpoint wrote checkpoint.
2 Percent improvement time=238, best error was 8.83 @ 1383
At iteration 1621/2600/2600, mean rms=1.341%, delta=2.164%, BCER train=6.686%, BWER train=55.951%, skip ratio=0.000%, New best BCER = 6.686 wrote best model:data/shn/checkpoints/shn_6.686_1621_2600.checkpoint wrote checkpoint.
2 Percent improvement time=285, best error was 8.83 @ 1383
At iteration 1668/2700/2700, mean rms=1.322%, delta=2.111%, BCER train=6.559%, BWER train=55.351%, skip ratio=0.000%, New best BCER = 6.559 wrote checkpoint.
2 Percent improvement time=294, best error was 8.386 @ 1412
At iteration 1706/2800/2800, mean rms=1.302%, delta=2.025%, BCER train=6.337%, BWER train=54.801%, skip ratio=0.000%, New best BCER = 6.337 wrote best model:data/shn/checkpoints/shn_6.337_1706_2800.checkpoint wrote checkpoint.
2 Percent improvement time=342, best error was 8.386 @ 1412
At iteration 1754/2900/2900, mean rms=1.288%, delta=1.992%, BCER train=6.115%, BWER train=54.142%, skip ratio=0.000%, New best BCER = 6.115 wrote best model:data/shn/checkpoints/shn_6.115_1754_2900.checkpoint wrote checkpoint.
2 Percent improvement time=342, best error was 7.987 @ 1449
At iteration 1791/3000/3000, mean rms=1.265%, delta=1.916%, BCER train=5.891%, BWER train=53.708%, skip ratio=0.000%, New best BCER = 5.891 wrote best model:data/shn/checkpoints/shn_5.891_1791_3000.checkpoint wrote checkpoint.
2 Percent improvement time=384, best error was 7.987 @ 1449
At iteration 1833/3100/3100, mean rms=1.265%, delta=1.973%, BCER train=5.886%, BWER train=53.608%, skip ratio=0.000%, New best BCER = 5.886 wrote checkpoint.
2 Percent improvement time=419, best error was 7.987 @ 1449
At iteration 1868/3200/3200, mean rms=1.252%, delta=1.935%, BCER train=5.678%, BWER train=53.158%, skip ratio=0.000%, New best BCER = 5.678 wrote best model:data/shn/checkpoints/shn_5.678_1868_3200.checkpoint wrote checkpoint.
At iteration 1907/3300/3300, mean rms=1.253%, delta=1.964%, BCER train=5.848%, BWER train=53.367%, skip ratio=0.000%, New worst BCER = 5.848 wrote checkpoint.
2 Percent improvement time=494, best error was 7.987 @ 1449
At iteration 1943/3400/3400, mean rms=1.222%, delta=1.767%, BCER train=5.539%, BWER train=52.300%, skip ratio=0.000%, New best BCER = 5.539 wrote checkpoint.
2 Percent improvement time=539, best error was 7.987 @ 1449
At iteration 1988/3500/3500, mean rms=1.218%, delta=1.781%, BCER train=5.538%, BWER train=52.600%, skip ratio=0.000%, New best BCER = 5.538 wrote checkpoint.
2 Percent improvement time=530, best error was 7.453 @ 1488
At iteration 2018/3600/3600, mean rms=1.197%, delta=1.714%, BCER train=5.398%, BWER train=51.350%, skip ratio=0.000%, New best BCER = 5.398 wrote best model:data/shn/checkpoints/shn_5.398_2018_3600.checkpoint wrote checkpoint.
2 Percent improvement time=515, best error was 7.347 @ 1536
At iteration 2051/3700/3700, mean rms=1.180%, delta=1.689%, BCER train=5.334%, BWER train=50.050%, skip ratio=0.000%, New best BCER = 5.334 wrote checkpoint.
2 Percent improvement time=546, best error was 7.347 @ 1536
At iteration 2082/3800/3800, mean rms=1.156%, delta=1.618%, BCER train=5.186%, BWER train=49.900%, skip ratio=0.000%, New best BCER = 5.186 wrote best model:data/shn/checkpoints/shn_5.186_2082_3800.checkpoint wrote checkpoint.
2 Percent improvement time=580, best error was 7.347 @ 1536
At iteration 2116/3900/3900, mean rms=1.137%, delta=1.564%, BCER train=4.995%, BWER train=48.950%, skip ratio=0.000%, New best BCER = 4.995 wrote best model:data/shn/checkpoints/shn_4.995_2116_3900.checkpoint wrote checkpoint.
At iteration 2159/4000/4000, mean rms=1.143%, delta=1.611%, BCER train=5.137%, BWER train=48.883%, skip ratio=0.000%, New worst BCER = 5.137 wrote checkpoint.
At iteration 2196/4100/4100, mean rms=1.131%, delta=1.620%, BCER train=5.229%, BWER train=49.033%, skip ratio=0.000%, New worst BCER = 5.229 wrote checkpoint.
At iteration 2224/4200/4200, mean rms=1.122%, delta=1.617%, BCER train=5.183%, BWER train=48.433%, skip ratio=0.000%, New worst BCER = 5.183 wrote checkpoint.
At iteration 2258/4300/4300, mean rms=1.109%, delta=1.571%, BCER train=5.086%, BWER train=48.317%, skip ratio=0.000%, New worst BCER = 5.086 wrote checkpoint.
At iteration 2302/4400/4400, mean rms=1.127%, delta=1.639%, BCER train=5.211%, BWER train=49.100%, skip ratio=0.000%, New worst BCER = 5.211 wrote checkpoint.
At iteration 2350/4500/4500, mean rms=1.132%, delta=1.669%, BCER train=5.279%, BWER train=49.200%, skip ratio=0.000%, New worst BCER = 5.279 wrote checkpoint.
At iteration 2387/4600/4600, mean rms=1.137%, delta=1.693%, BCER train=5.304%, BWER train=49.783%, skip ratio=0.000%, New worst BCER = 5.304 wrote checkpoint.
At iteration 2417/4700/4700, mean rms=1.129%, delta=1.690%, BCER train=5.232%, BWER train=49.200%, skip ratio=0.000%, New worst BCER = 5.232 wrote checkpoint.
At iteration 2456/4800/4800, mean rms=1.143%, delta=1.789%, BCER train=5.387%, BWER train=49.383%, skip ratio=0.000%, New worst BCER = 5.387 wrote checkpoint.
At iteration 2486/4900/4900, mean rms=1.140%, delta=1.804%, BCER train=5.460%, BWER train=49.600%, skip ratio=0.000%, New worst BCER = 5.460 wrote checkpoint.
At iteration 2531/5000/5000, mean rms=1.141%, delta=1.812%, BCER train=5.445%, BWER train=50.017%, skip ratio=0.000%, New worst BCER = 5.445 wrote checkpoint.
At iteration 2571/5100/5100, mean rms=1.145%, delta=1.814%, BCER train=5.423%, BWER train=50.167%, skip ratio=0.000%, New worst BCER = 5.423 wrote checkpoint.
At iteration 2611/5200/5200, mean rms=1.152%, delta=1.856%, BCER train=5.502%, BWER train=50.583%, skip ratio=0.000%, New worst BCER = 5.502 wrote checkpoint.
At iteration 2654/5300/5300, mean rms=1.157%, delta=1.913%, BCER train=5.552%, BWER train=50.217%, skip ratio=0.000%, New worst BCER = 5.552 wrote checkpoint.
At iteration 2682/5400/5400, mean rms=1.128%, delta=1.857%, BCER train=5.379%, BWER train=49.000%, skip ratio=0.000%, New worst BCER = 5.379 wrote checkpoint.
At iteration 2715/5500/5500, mean rms=1.103%, delta=1.788%, BCER train=5.213%, BWER train=47.550%, skip ratio=0.000%, New worst BCER = 5.213 wrote checkpoint.
At iteration 2754/5600/5600, mean rms=1.096%, delta=1.774%, BCER train=5.154%, BWER train=47.700%, skip ratio=0.000%, New worst BCER = 5.154 wrote checkpoint.
At iteration 2786/5700/5700, mean rms=1.083%, delta=1.744%, BCER train=5.167%, BWER train=48.133%, skip ratio=0.000%, New worst BCER = 5.167 wrote checkpoint.
At iteration 2822/5800/5800, mean rms=1.083%, delta=1.722%, BCER train=5.169%, BWER train=47.550%, skip ratio=0.000%, New worst BCER = 5.169 wrote checkpoint.
At iteration 2860/5900/5900, mean rms=1.096%, delta=1.774%, BCER train=5.318%, BWER train=47.767%, skip ratio=0.000%, New worst BCER = 5.318 wrote checkpoint.
At iteration 2888/6000/6000, mean rms=1.078%, delta=1.709%, BCER train=5.175%, BWER train=46.567%, skip ratio=0.000%, New worst BCER = 5.175 wrote checkpoint.
At iteration 2921/6100/6100, mean rms=1.058%, delta=1.629%, BCER train=5.003%, BWER train=45.767%, skip ratio=0.000%, New worst BCER = 5.003 wrote checkpoint.
2 Percent improvement time=1369, best error was 6.931 @ 1576
At iteration 2945/6200/6200, mean rms=1.036%, delta=1.550%, BCER train=4.870%, BWER train=44.400%, skip ratio=0.000%, New best BCER = 4.870 wrote checkpoint.
2 Percent improvement time=1402, best error was 6.931 @ 1576
At iteration 2978/6300/6300, mean rms=1.020%, delta=1.530%, BCER train=4.754%, BWER train=43.683%, skip ratio=0.000%, New best BCER = 4.754 wrote best model:data/shn/checkpoints/shn_4.754_2978_6300.checkpoint wrote checkpoint.
2 Percent improvement time=1439, best error was 6.931 @ 1576
At iteration 3015/6400/6400, mean rms=1.024%, delta=1.534%, BCER train=4.753%, BWER train=43.533%, skip ratio=0.000%, New best BCER = 4.753 wrote checkpoint.
2 Percent improvement time=1427, best error was 6.686 @ 1621
At iteration 3048/6500/6500, mean rms=1.017%, delta=1.506%, BCER train=4.673%, BWER train=42.950%, skip ratio=0.000%, New best BCER = 4.673 wrote checkpoint.
2 Percent improvement time=1459, best error was 6.686 @ 1621
At iteration 3080/6600/6600, mean rms=1.007%, delta=1.461%, BCER train=4.620%, BWER train=43.267%, skip ratio=0.000%, New best BCER = 4.620 wrote checkpoint.
2 Percent improvement time=1498, best error was 6.686 @ 1621
At iteration 3119/6700/6700, mean rms=1.018%, delta=1.511%, BCER train=4.600%, BWER train=43.000%, skip ratio=0.000%, New best BCER = 4.600 wrote best model:data/shn/checkpoints/shn_4.600_3119_6700.checkpoint wrote checkpoint.
At iteration 3160/6800/6800, mean rms=1.015%, delta=1.549%, BCER train=4.665%, BWER train=43.650%, skip ratio=0.000%, New worst BCER = 4.665 wrote checkpoint.
2 Percent improvement time=1522, best error was 6.559 @ 1668
At iteration 3190/6900/6900, mean rms=0.992%, delta=1.493%, BCER train=4.434%, BWER train=41.983%, skip ratio=0.000%, New best BCER = 4.434 wrote best model:data/shn/checkpoints/shn_4.434_3190_6900.checkpoint wrote checkpoint.
2 Percent improvement time=1557, best error was 6.559 @ 1668
At iteration 3225/7000/7000, mean rms=0.991%, delta=1.498%, BCER train=4.382%, BWER train=42.117%, skip ratio=0.000%, New best BCER = 4.382 wrote checkpoint.
2 Percent improvement time=1550, best error was 6.337 @ 1706
At iteration 3256/7100/7100, mean rms=0.993%, delta=1.493%, BCER train=4.334%, BWER train=41.833%, skip ratio=0.000%, New best BCER = 4.334 wrote checkpoint.
At iteration 3298/7200/7200, mean rms=1.014%, delta=1.553%, BCER train=4.455%, BWER train=43.083%, skip ratio=0.000%, New worst BCER = 4.455 wrote checkpoint.
2 Percent improvement time=1612, best error was 6.337 @ 1706
At iteration 3318/7300/7300, mean rms=1.002%, delta=1.460%, BCER train=4.319%, BWER train=42.283%, skip ratio=0.000%, New best BCER = 4.319 wrote checkpoint.
At iteration 3356/7400/7400, mean rms=0.999%, delta=1.474%, BCER train=4.346%, BWER train=42.217%, skip ratio=0.000%, New worst BCER = 4.346 wrote checkpoint.
2 Percent improvement time=1676, best error was 6.337 @ 1706
At iteration 3382/7500/7500, mean rms=0.992%, delta=1.474%, BCER train=4.290%, BWER train=42.217%, skip ratio=0.000%, New best BCER = 4.290 wrote best model:data/shn/checkpoints/shn_4.290_3382_7500.checkpoint wrote checkpoint.
2 Percent improvement time=1714, best error was 6.337 @ 1706
At iteration 3420/7600/7600, mean rms=0.990%, delta=1.487%, BCER train=4.285%, BWER train=41.467%, skip ratio=0.000%, New best BCER = 4.285 wrote checkpoint.
2 Percent improvement time=1743, best error was 6.337 @ 1706
At iteration 3449/7700/7700, mean rms=0.979%, delta=1.434%, BCER train=4.215%, BWER train=40.817%, skip ratio=0.000%, New best BCER = 4.215 wrote checkpoint.
2 Percent improvement time=1721, best error was 6.115 @ 1754
At iteration 3475/7800/7800, mean rms=0.953%, delta=1.333%, BCER train=3.937%, BWER train=39.317%, skip ratio=0.000%, New best BCER = 3.937 wrote best model:data/shn/checkpoints/shn_3.937_3475_7800.checkpoint wrote checkpoint.
At iteration 3503/7900/7900, mean rms=0.952%, delta=1.353%, BCER train=3.995%, BWER train=39.883%, skip ratio=0.000%, New worst BCER = 3.995 wrote checkpoint.
At iteration 3545/8000/8000, mean rms=0.966%, delta=1.402%, BCER train=4.136%, BWER train=40.733%, skip ratio=0.000%, New worst BCER = 4.136 wrote checkpoint.
At iteration 3565/8100/8100, mean rms=0.951%, delta=1.370%, BCER train=4.055%, BWER train=39.567%, skip ratio=0.000%, New worst BCER = 4.055 wrote checkpoint.
2 Percent improvement time=1760, best error was 5.886 @ 1833
At iteration 3593/8200/8200, mean rms=0.925%, delta=1.313%, BCER train=3.884%, BWER train=38.350%, skip ratio=0.000%, New best BCER = 3.884 wrote checkpoint.
At iteration 3623/8300/8300, mean rms=0.923%, delta=1.333%, BCER train=3.944%, BWER train=39.650%, skip ratio=0.000%, New worst BCER = 3.944 wrote checkpoint.
At iteration 3658/8400/8400, mean rms=0.916%, delta=1.308%, BCER train=3.918%, BWER train=39.467%, skip ratio=0.000%, New worst BCER = 3.918 wrote checkpoint.
At iteration 3689/8500/8500, mean rms=0.921%, delta=1.331%, BCER train=3.969%, BWER train=38.583%, skip ratio=0.000%, New worst BCER = 3.969 wrote checkpoint.
At iteration 3713/8600/8600, mean rms=0.910%, delta=1.300%, BCER train=3.963%, BWER train=37.983%, skip ratio=0.000%, New worst BCER = 3.963 wrote checkpoint.
At iteration 3745/8700/8700, mean rms=0.919%, delta=1.380%, BCER train=4.214%, BWER train=38.600%, skip ratio=0.000%, New worst BCER = 4.214 wrote checkpoint.
At iteration 3782/8800/8800, mean rms=0.942%, delta=1.475%, BCER train=4.458%, BWER train=39.367%, skip ratio=0.000%, New worst BCER = 4.458 wrote checkpoint.
At iteration 3812/8900/8900, mean rms=0.928%, delta=1.396%, BCER train=4.294%, BWER train=39.733%, skip ratio=0.000%, New worst BCER = 4.294 wrote checkpoint.
At iteration 3846/9000/9000, mean rms=0.913%, delta=1.375%, BCER train=4.229%, BWER train=38.550%, skip ratio=0.000%, New worst BCER = 4.229 wrote checkpoint.
At iteration 3890/9100/9100, mean rms=0.935%, delta=1.517%, BCER train=4.512%, BWER train=40.733%, skip ratio=0.000%, New worst BCER = 4.512 wrote checkpoint.
At iteration 3917/9200/9200, mean rms=0.945%, delta=1.547%, BCER train=4.577%, BWER train=40.650%, skip ratio=0.000%, New worst BCER = 4.577 wrote checkpoint.
At iteration 3943/9300/9300, mean rms=0.949%, delta=1.564%, BCER train=4.686%, BWER train=40.850%, skip ratio=0.000%, New worst BCER = 4.686 wrote checkpoint.
At iteration 3977/9400/9400, mean rms=0.942%, delta=1.546%, BCER train=4.594%, BWER train=40.200%, skip ratio=0.000%, New worst BCER = 4.594 wrote checkpoint.
At iteration 4011/9500/9500, mean rms=0.943%, delta=1.548%, BCER train=4.680%, BWER train=41.567%, skip ratio=0.000%, New worst BCER = 4.680 wrote checkpoint.
At iteration 4041/9600/9600, mean rms=0.946%, delta=1.575%, BCER train=4.703%, BWER train=41.817%, skip ratio=0.000%, New worst BCER = 4.703 wrote checkpoint.
At iteration 4073/9700/9700, mean rms=0.942%, delta=1.556%, BCER train=4.516%, BWER train=41.067%, skip ratio=0.000%, New worst BCER = 4.516 wrote checkpoint.
At iteration 4099/9800/9800, mean rms=0.921%, delta=1.459%, BCER train=4.313%, BWER train=40.300%, skip ratio=0.000%, New worst BCER = 4.313 wrote checkpoint.
At iteration 4135/9900/9900, mean rms=0.950%, delta=1.567%, BCER train=4.689%, BWER train=40.850%, skip ratio=0.000%, New worst BCER = 4.689 wrote checkpoint.
At iteration 4165/10000/10000, mean rms=0.946%, delta=1.526%, BCER train=4.587%, BWER train=41.083%, skip ratio=0.000%, New worst BCER = 4.587 wrote checkpoint.
At iteration 4191/10100/10100, mean rms=0.925%, delta=1.419%, BCER train=4.314%, BWER train=39.700%, skip ratio=0.000%, New worst BCER = 4.314 wrote checkpoint.
At iteration 4231/10200/10200, mean rms=0.936%, delta=1.468%, BCER train=4.391%, BWER train=40.150%, skip ratio=0.000%, New worst BCER = 4.391 wrote checkpoint.
At iteration 4271/10300/10300, mean rms=0.955%, delta=1.525%, BCER train=4.420%, BWER train=40.300%, skip ratio=0.000%, New worst BCER = 4.420 wrote checkpoint.
At iteration 4314/10400/10400, mean rms=0.975%, delta=1.564%, BCER train=4.501%, BWER train=41.800%, skip ratio=0.000%, New worst BCER = 4.501 wrote checkpoint.
At iteration 4359/10500/10500, mean rms=0.985%, delta=1.602%, BCER train=4.530%, BWER train=42.617%, skip ratio=0.000%, New worst BCER = 4.530 wrote checkpoint.
At iteration 4392/10600/10600, mean rms=0.990%, delta=1.621%, BCER train=4.505%, BWER train=43.167%, skip ratio=0.000%, New worst BCER = 4.505 wrote checkpoint.
At iteration 4415/10700/10700, mean rms=0.975%, delta=1.527%, BCER train=4.336%, BWER train=43.200%, skip ratio=0.000%, New worst BCER = 4.336 wrote checkpoint.
At iteration 4445/10800/10800, mean rms=0.980%, delta=1.544%, BCER train=4.355%, BWER train=43.750%, skip ratio=0.000%, New worst BCER = 4.355 wrote checkpoint.
At iteration 4472/10900/10900, mean rms=0.957%, delta=1.495%, BCER train=4.072%, BWER train=42.808%, skip ratio=0.000%, New worst BCER = 4.072 wrote checkpoint.
At iteration 4513/11000/11000, mean rms=0.967%, delta=1.558%, BCER train=4.254%, BWER train=43.258%, skip ratio=0.000%, New worst BCER = 4.254 wrote checkpoint.
At iteration 4546/11100/11100, mean rms=0.975%, delta=1.555%, BCER train=4.328%, BWER train=43.608%, skip ratio=0.000%, New worst BCER = 4.328 wrote checkpoint.
At iteration 4574/11200/11200, mean rms=0.956%, delta=1.486%, BCER train=4.176%, BWER train=43.108%, skip ratio=0.000%, New worst BCER = 4.176 wrote checkpoint.
At iteration 4596/11300/11300, mean rms=0.928%, delta=1.387%, BCER train=3.956%, BWER train=41.508%, skip ratio=0.000%, New worst BCER = 3.956 wrote checkpoint.
2 Percent improvement time=2790, best error was 5.886 @ 1833
Warning: LSTMTrainer deserialized an LSTMRecognizer!
At iteration 4623/11400/11400, mean rms=0.905%, delta=1.305%, BCER train=3.824%, BWER train=40.108%, skip ratio=0.000%, New best BCER = 3.824 wrote checkpoint.
2 Percent improvement time=2825, best error was 5.886 @ 1833
At iteration 4658/11500/11500, mean rms=0.890%, delta=1.259%, BCER train=3.692%, BWER train=38.892%, skip ratio=0.000%, New best BCER = 3.692 wrote best model:data/shn/checkpoints/shn_3.692_4658_11500.checkpoint wrote checkpoint.
At iteration 4687/11600/11600, mean rms=0.885%, delta=1.280%, BCER train=3.707%, BWER train=37.625%, skip ratio=0.000%, New worst BCER = 3.707 wrote checkpoint.
At iteration 4724/11700/11700, mean rms=0.898%, delta=1.326%, BCER train=3.812%, BWER train=37.892%, skip ratio=0.000%, New worst BCER = 3.812 wrote checkpoint.
At iteration 4762/11800/11800, mean rms=0.914%, delta=1.429%, BCER train=4.034%, BWER train=38.242%, skip ratio=0.000%, New worst BCER = 4.034 wrote checkpoint.
At iteration 4791/11900/11900, mean rms=0.925%, delta=1.469%, BCER train=4.116%, BWER train=37.983%, skip ratio=0.000%, New worst BCER = 4.116 wrote checkpoint.
At iteration 4826/12000/12000, mean rms=0.919%, delta=1.448%, BCER train=3.996%, BWER train=37.633%, skip ratio=0.000%, New worst BCER = 3.996 wrote checkpoint.
At iteration 4856/12100/12100, mean rms=0.916%, delta=1.466%, BCER train=4.005%, BWER train=36.783%, skip ratio=0.000%, New worst BCER = 4.005 wrote checkpoint.
At iteration 4885/12200/12200, mean rms=0.920%, delta=1.474%, BCER train=4.023%, BWER train=36.683%, skip ratio=0.000%, New worst BCER = 4.023 wrote checkpoint.
At iteration 4915/12300/12300, mean rms=0.931%, delta=1.549%, BCER train=4.156%, BWER train=37.058%, skip ratio=0.000%, New worst BCER = 4.156 wrote checkpoint.
At iteration 4949/12400/12400, mean rms=0.944%, delta=1.621%, BCER train=4.280%, BWER train=38.075%, skip ratio=0.000%, New worst BCER = 4.280 wrote checkpoint.
At iteration 4970/12500/12500, mean rms=0.940%, delta=1.593%, BCER train=4.248%, BWER train=37.225%, skip ratio=0.000%, New worst BCER = 4.248 wrote checkpoint.
At iteration 5010/12600/12600, mean rms=0.949%, delta=1.587%, BCER train=4.287%, BWER train=38.792%, skip ratio=0.000%, New worst BCER = 4.287 wrote checkpoint.
At iteration 5039/12700/12700, mean rms=0.945%, delta=1.606%, BCER train=4.351%, BWER train=38.972%, skip ratio=0.000%, New worst BCER = 4.351 wrote checkpoint.
At iteration 5068/12800/12800, mean rms=0.927%, delta=1.528%, BCER train=4.109%, BWER train=38.272%, skip ratio=0.000%, New worst BCER = 4.109 wrote checkpoint.
At iteration 5099/12900/12900, mean rms=0.924%, delta=1.477%, BCER train=4.066%, BWER train=39.388%, skip ratio=0.000%, New worst BCER = 4.066 wrote checkpoint.
At iteration 5132/13000/13000, mean rms=0.913%, delta=1.425%, BCER train=4.005%, BWER train=39.388%, skip ratio=0.000%, New worst BCER = 4.005 wrote checkpoint.
At iteration 5166/13100/13100, mean rms=0.917%, delta=1.418%, BCER train=4.041%, BWER train=40.488%, skip ratio=0.000%, New worst BCER = 4.041 wrote checkpoint.
At iteration 5198/13200/13200, mean rms=0.919%, delta=1.435%, BCER train=4.106%, BWER train=40.922%, skip ratio=0.000%, New worst BCER = 4.106 wrote checkpoint.
At iteration 5227/13300/13300, mean rms=0.917%, delta=1.401%, BCER train=4.057%, BWER train=40.913%, skip ratio=0.000%, New worst BCER = 4.057 wrote checkpoint.
At iteration 5254/13400/13400, mean rms=0.904%, delta=1.338%, BCER train=3.954%, BWER train=39.797%, skip ratio=0.000%, New worst BCER = 3.954 wrote checkpoint.
At iteration 5282/13500/13500, mean rms=0.897%, delta=1.314%, BCER train=3.930%, BWER train=40.147%, skip ratio=0.000%, New worst BCER = 3.930 wrote checkpoint.
At iteration 5312/13600/13600, mean rms=0.889%, delta=1.290%, BCER train=3.783%, BWER train=38.847%, skip ratio=0.000%, New worst BCER = 3.783 wrote checkpoint.
2 Percent improvement time=3465, best error was 5.678 @ 1868
At iteration 5333/13700/13700, mean rms=0.874%, delta=1.208%, BCER train=3.588%, BWER train=37.967%, skip ratio=0.000%, New best BCER = 3.588 wrote checkpoint.
2 Percent improvement time=3492, best error was 5.678 @ 1868
At iteration 5360/13800/13800, mean rms=0.870%, delta=1.199%, BCER train=3.576%, BWER train=37.317%, skip ratio=0.000%, New best BCER = 3.576 wrote best model:data/shn/checkpoints/shn_3.576_5360_13800.checkpoint wrote checkpoint.
2 Percent improvement time=3394, best error was 5.538 @ 1988
At iteration 5382/13900/13900, mean rms=0.852%, delta=1.161%, BCER train=3.426%, BWER train=36.250%, skip ratio=0.000%, New best BCER = 3.426 wrote best model:data/shn/checkpoints/shn_3.426_5382_13900.checkpoint wrote checkpoint.
At iteration 5415/14000/14000, mean rms=0.862%, delta=1.167%, BCER train=3.455%, BWER train=36.000%, skip ratio=0.000%, New worst BCER = 3.455 wrote checkpoint.
At iteration 5453/14100/14100, mean rms=0.872%, delta=1.222%, BCER train=3.575%, BWER train=36.492%, skip ratio=0.000%, New worst BCER = 3.575 wrote checkpoint.
At iteration 5492/14200/14200, mean rms=0.889%, delta=1.314%, BCER train=3.811%, BWER train=37.100%, skip ratio=0.000%, New worst BCER = 3.811 wrote checkpoint.
At iteration 5517/14300/14300, mean rms=0.886%, delta=1.304%, BCER train=3.800%, BWER train=37.783%, skip ratio=0.000%, New worst BCER = 3.800 wrote checkpoint.
At iteration 5554/14400/14400, mean rms=0.896%, delta=1.348%, BCER train=3.862%, BWER train=39.033%, skip ratio=0.000%, New worst BCER = 3.862 wrote checkpoint.
At iteration 5578/14500/14500, mean rms=0.901%, delta=1.358%, BCER train=3.877%, BWER train=38.833%, skip ratio=0.000%, New worst BCER = 3.877 wrote checkpoint.
At iteration 5608/14600/14600, mean rms=0.900%, delta=1.342%, BCER train=4.062%, BWER train=39.683%, skip ratio=0.000%, New worst BCER = 4.062 wrote checkpoint.
At iteration 5635/14700/14700, mean rms=0.912%, delta=1.405%, BCER train=4.316%, BWER train=41.033%, skip ratio=0.000%, New worst BCER = 4.316 wrote checkpoint.
At iteration 5665/14800/14800, mean rms=0.913%, delta=1.381%, BCER train=4.310%, BWER train=41.683%, skip ratio=0.000%, New worst BCER = 4.310 wrote checkpoint.
At iteration 5688/14900/14900, mean rms=0.919%, delta=1.377%, BCER train=4.383%, BWER train=41.883%, skip ratio=0.000%, New worst BCER = 4.383 wrote checkpoint.
At iteration 5720/15000/15000, mean rms=0.921%, delta=1.395%, BCER train=4.427%, BWER train=42.550%, skip ratio=0.000%, New worst BCER = 4.427 wrote checkpoint.
At iteration 5749/15100/15100, mean rms=0.900%, delta=1.363%, BCER train=4.313%, BWER train=41.408%, skip ratio=0.000%, New worst BCER = 4.313 wrote checkpoint.
At iteration 5780/15200/15200, mean rms=0.884%, delta=1.271%, BCER train=4.111%, BWER train=41.167%, skip ratio=0.000%, New worst BCER = 4.111 wrote checkpoint.
At iteration 5805/15300/15300, mean rms=0.882%, delta=1.253%, BCER train=4.113%, BWER train=40.617%, skip ratio=0.000%, New worst BCER = 4.113 wrote checkpoint.
At iteration 5829/15400/15400, mean rms=0.871%, delta=1.203%, BCER train=4.080%, BWER train=39.917%, skip ratio=0.000%, New worst BCER = 4.080 wrote checkpoint.
At iteration 5852/15500/15500, mean rms=0.862%, delta=1.198%, BCER train=4.052%, BWER train=40.067%, skip ratio=0.000%, New worst BCER = 4.052 wrote checkpoint.
At iteration 5877/15600/15600, mean rms=0.851%, delta=1.167%, BCER train=3.913%, BWER train=39.400%, skip ratio=0.000%, New worst BCER = 3.913 wrote checkpoint.
At iteration 5909/15700/15700, mean rms=0.851%, delta=1.146%, BCER train=3.806%, BWER train=38.933%, skip ratio=0.000%, New worst BCER = 3.806 wrote checkpoint.
At iteration 5945/15800/15800, mean rms=0.860%, delta=1.170%, BCER train=3.896%, BWER train=39.483%, skip ratio=0.000%, New worst BCER = 3.896 wrote checkpoint.
At iteration 5975/15900/15900, mean rms=0.864%, delta=1.200%, BCER train=4.000%, BWER train=40.067%, skip ratio=0.000%, New worst BCER = 4.000 wrote checkpoint.
At iteration 5996/16000/16000, mean rms=0.839%, delta=1.138%, BCER train=3.806%, BWER train=38.100%, skip ratio=0.000%, New worst BCER = 3.806 wrote checkpoint.
At iteration 6028/16100/16100, mean rms=0.849%, delta=1.147%, BCER train=3.830%, BWER train=38.350%, skip ratio=0.000%, New worst BCER = 3.830 wrote checkpoint.
At iteration 6057/16200/16200, mean rms=0.846%, delta=1.137%, BCER train=3.853%, BWER train=38.233%, skip ratio=0.000%, New worst BCER = 3.853 wrote checkpoint.
At iteration 6084/16300/16300, mean rms=0.846%, delta=1.161%, BCER train=3.882%, BWER train=38.433%, skip ratio=0.000%, New worst BCER = 3.882 wrote checkpoint.
At iteration 6108/16400/16400, mean rms=0.837%, delta=1.150%, BCER train=3.867%, BWER train=37.533%, skip ratio=0.000%, New worst BCER = 3.867 wrote checkpoint.
At iteration 6131/16500/16500, mean rms=0.843%, delta=1.157%, BCER train=3.839%, BWER train=37.133%, skip ratio=0.000%, New worst BCER = 3.839 wrote checkpoint.
At iteration 6162/16600/16600, mean rms=0.856%, delta=1.230%, BCER train=3.936%, BWER train=37.067%, skip ratio=0.000%, New worst BCER = 3.936 wrote checkpoint.
At iteration 6186/16700/16700, mean rms=0.849%, delta=1.255%, BCER train=3.927%, BWER train=36.350%, skip ratio=0.000%, New worst BCER = 3.927 wrote checkpoint.
At iteration 6213/16800/16800, mean rms=0.840%, delta=1.236%, BCER train=3.839%, BWER train=35.600%, skip ratio=0.000%, New worst BCER = 3.839 wrote checkpoint.
At iteration 6241/16900/16900, mean rms=0.835%, delta=1.232%, BCER train=3.773%, BWER train=35.217%, skip ratio=0.000%, New worst BCER = 3.773 wrote checkpoint.
At iteration 6272/17000/17000, mean rms=0.855%, delta=1.280%, BCER train=3.911%, BWER train=36.267%, skip ratio=0.000%, New worst BCER = 3.911 wrote checkpoint.
At iteration 6300/17100/17100, mean rms=0.845%, delta=1.232%, BCER train=3.831%, BWER train=36.283%, skip ratio=0.000%, New worst BCER = 3.831 wrote checkpoint.
At iteration 6320/17200/17200, mean rms=0.832%, delta=1.189%, BCER train=3.635%, BWER train=35.300%, skip ratio=0.000%, New worst BCER = 3.635 wrote checkpoint.
At iteration 6357/17300/17300, mean rms=0.845%, delta=1.213%, BCER train=3.716%, BWER train=36.300%, skip ratio=0.000%, New worst BCER = 3.716 wrote checkpoint.
Warning: LSTMTrainer deserialized an LSTMRecognizer!
At iteration 6388/17400/17400, mean rms=0.861%, delta=1.288%, BCER train=3.805%, BWER train=37.400%, skip ratio=0.000%, New worst BCER = 3.805At iteration 4596, stage 1, BCER eval=4.103, BWER eval=37.722 wrote checkpoint.
At iteration 6420/17500/17500, mean rms=0.867%, delta=1.322%, BCER train=3.911%, BWER train=38.200%, skip ratio=0.000%, New worst BCER = 3.911Previous test incomplete, skipping test at iteration 6388 wrote checkpoint.
At iteration 6452/17600/17600, mean rms=0.867%, delta=1.305%, BCER train=3.929%, BWER train=38.983%, skip ratio=0.000%, New worst BCER = 3.929Previous test incomplete, skipping test at iteration 6420 wrote checkpoint.
At iteration 6488/17700/17700, mean rms=0.879%, delta=1.304%, BCER train=3.999%, BWER train=40.357%, skip ratio=0.000%, New worst BCER = 3.999Previous test incomplete, skipping test at iteration 6452 wrote checkpoint.
At iteration 6519/17800/17800, mean rms=0.881%, delta=1.311%, BCER train=4.061%, BWER train=40.473%, skip ratio=0.000%, New worst BCER = 4.061Previous test incomplete, skipping test at iteration 6488 wrote checkpoint.
At iteration 6551/17900/17900, mean rms=0.887%, delta=1.316%, BCER train=4.101%, BWER train=40.173%, skip ratio=0.000%, New worst BCER = 4.101Previous test incomplete, skipping test at iteration 6519 wrote checkpoint.
At iteration 6578/18000/18000, mean rms=0.878%, delta=1.292%, BCER train=4.058%, BWER train=39.957%, skip ratio=0.000%, wrote checkpoint.
At iteration 6599/18100/18100, mean rms=0.869%, delta=1.255%, BCER train=3.975%, BWER train=39.407%, skip ratio=0.000%, wrote checkpoint.
At iteration 6624/18200/18200, mean rms=0.872%, delta=1.254%, BCER train=4.053%, BWER train=40.257%, skip ratio=0.000%, wrote checkpoint.
At iteration 6662/18300/18300, mean rms=0.880%, delta=1.324%, BCER train=4.227%, BWER train=39.840%, skip ratio=0.000%, New worst BCER = 4.227Previous test incomplete, skipping test at iteration 6551 wrote checkpoint.
At iteration 6694/18400/18400, mean rms=0.882%, delta=1.317%, BCER train=4.213%, BWER train=39.990%, skip ratio=0.000%, wrote checkpoint.
At iteration 6722/18500/18500, mean rms=0.867%, delta=1.286%, BCER train=4.169%, BWER train=39.190%, skip ratio=0.000%, wrote checkpoint.
At iteration 6753/18600/18600, mean rms=0.861%, delta=1.286%, BCER train=4.131%, BWER train=38.540%, skip ratio=0.000%, wrote checkpoint.
At iteration 6778/18700/18700, mean rms=0.847%, delta=1.245%, BCER train=4.018%, BWER train=36.433%, skip ratio=0.000%, wrote checkpoint.
At iteration 6804/18800/18800, mean rms=0.836%, delta=1.224%, BCER train=3.915%, BWER train=35.767%, skip ratio=0.000%, wrote checkpoint.
At iteration 6826/18900/18900, mean rms=0.823%, delta=1.181%, BCER train=3.778%, BWER train=35.567%, skip ratio=0.000%, wrote checkpoint.
At iteration 6853/19000/19000, mean rms=0.826%, delta=1.194%, BCER train=3.841%, BWER train=36.117%, skip ratio=0.000%, wrote checkpoint.
At iteration 6871/19100/19100, mean rms=0.822%, delta=1.179%, BCER train=3.790%, BWER train=35.175%, skip ratio=0.000%, wrote checkpoint.
At iteration 6895/19200/19200, mean rms=0.819%, delta=1.174%, BCER train=3.803%, BWER train=34.292%, skip ratio=0.000%, wrote checkpoint.
At iteration 6927/19300/19300, mean rms=0.802%, delta=1.088%, BCER train=3.521%, BWER train=33.758%, skip ratio=0.000%, wrote checkpoint.
At iteration 6965/19400/19400, mean rms=0.811%, delta=1.146%, BCER train=3.713%, BWER train=33.842%, skip ratio=0.000%, wrote checkpoint.
At iteration 6988/19500/19500, mean rms=0.822%, delta=1.141%, BCER train=3.681%, BWER train=34.242%, skip ratio=0.000%, wrote checkpoint.
At iteration 7014/19600/19600, mean rms=0.812%, delta=1.104%, BCER train=3.642%, BWER train=33.792%, skip ratio=0.000%, wrote checkpoint.
At iteration 7045/19700/19700, mean rms=0.821%, delta=1.157%, BCER train=3.745%, BWER train=34.658%, skip ratio=0.000%, wrote checkpoint.
At iteration 7071/19800/19800, mean rms=0.828%, delta=1.170%, BCER train=3.759%, BWER train=34.958%, skip ratio=0.000%, wrote checkpoint.
At iteration 7094/19900/19900, mean rms=0.828%, delta=1.175%, BCER train=3.716%, BWER train=34.808%, skip ratio=0.000%, wrote checkpoint.
At iteration 7126/20000/20000, mean rms=0.825%, delta=1.196%, BCER train=3.641%, BWER train=34.365%, skip ratio=0.000%, wrote checkpoint.
At iteration 7144/20100/20100, mean rms=0.821%, delta=1.196%, BCER train=3.618%, BWER train=34.440%, skip ratio=0.000%, wrote checkpoint.
At iteration 7164/20200/20200, mean rms=0.817%, delta=1.198%, BCER train=3.550%, BWER train=34.773%, skip ratio=0.000%, wrote checkpoint.
At iteration 7188/20300/20300, mean rms=0.807%, delta=1.180%, BCER train=3.531%, BWER train=33.940%, skip ratio=0.000%, wrote checkpoint.
2 Percent improvement time=5160, best error was 5.334 @ 2051
Warning: LSTMTrainer deserialized an LSTMRecognizer!
At iteration 7211/20400/20400, mean rms=0.783%, delta=1.067%, BCER train=3.217%, BWER train=32.357%, skip ratio=0.000%, New best BCER = 3.217At iteration 5382, stage 1, BCER eval=4.698, BWER eval=41.472 wrote best model:data/shn/checkpoints/shn_3.217_7211_20400.checkpoint wrote checkpoint.
At iteration 7231/20500/20500, mean rms=0.777%, delta=1.071%, BCER train=3.242%, BWER train=31.957%, skip ratio=0.000%, New worst BCER = 3.242 wrote checkpoint.
2 Percent improvement time=5201, best error was 5.334 @ 2051
At iteration 7252/20600/20600, mean rms=0.780%, delta=1.050%, BCER train=3.206%, BWER train=32.423%, skip ratio=0.000%, New best BCER = 3.206 wrote checkpoint.
2 Percent improvement time=5190, best error was 5.186 @ 2082
At iteration 7272/20700/20700, mean rms=0.760%, delta=0.966%, BCER train=3.016%, BWER train=31.923%, skip ratio=0.000%, New best BCER = 3.016 wrote best model:data/shn/checkpoints/shn_3.016_7272_20700.checkpoint wrote checkpoint.
At iteration 7298/20800/20800, mean rms=0.752%, delta=0.960%, BCER train=3.062%, BWER train=32.223%, skip ratio=0.000%, New worst BCER = 3.062 wrote checkpoint.
At iteration 7323/20900/20900, mean rms=0.751%, delta=0.981%, BCER train=3.064%, BWER train=32.023%, skip ratio=0.000%, New worst BCER = 3.064 wrote checkpoint.
2 Percent improvement time=5226, best error was 4.995 @ 2116
At iteration 7342/21000/21000, mean rms=0.733%, delta=0.923%, BCER train=2.975%, BWER train=30.800%, skip ratio=0.000%, New best BCER = 2.975 wrote checkpoint.
At iteration 7365/21100/21100, mean rms=0.743%, delta=0.960%, BCER train=3.105%, BWER train=31.183%, skip ratio=0.000%, New worst BCER = 3.105 wrote checkpoint.
At iteration 7394/21200/21200, mean rms=0.761%, delta=1.082%, BCER train=3.252%, BWER train=31.383%, skip ratio=0.000%, New worst BCER = 3.252 wrote checkpoint.
At iteration 7414/21300/21300, mean rms=0.754%, delta=1.047%, BCER train=3.104%, BWER train=30.517%, skip ratio=0.000%, New worst BCER = 3.104 wrote checkpoint.
At iteration 7445/21400/21400, mean rms=0.761%, delta=1.082%, BCER train=3.149%, BWER train=31.577%, skip ratio=0.000%, New worst BCER = 3.149 wrote checkpoint.
At iteration 7470/21500/21500, mean rms=0.766%, delta=1.101%, BCER train=3.193%, BWER train=31.827%, skip ratio=0.000%, New worst BCER = 3.193 wrote checkpoint.
At iteration 7501/21600/21600, mean rms=0.777%, delta=1.187%, BCER train=3.291%, BWER train=32.010%, skip ratio=0.000%, New worst BCER = 3.291 wrote checkpoint.
At iteration 7527/21700/21700, mean rms=0.788%, delta=1.215%, BCER train=3.321%, BWER train=32.510%, skip ratio=0.000%, New worst BCER = 3.321 wrote checkpoint.
At iteration 7552/21800/21800, mean rms=0.789%, delta=1.229%, BCER train=3.299%, BWER train=32.260%, skip ratio=0.000%, New worst BCER = 3.299 wrote checkpoint.
At iteration 7580/21900/21900, mean rms=0.803%, delta=1.305%, BCER train=3.474%, BWER train=32.585%, skip ratio=0.000%, New worst BCER = 3.474 wrote checkpoint.
At iteration 7610/22000/22000, mean rms=0.818%, delta=1.324%, BCER train=3.584%, BWER train=33.668%, skip ratio=0.000%, New worst BCER = 3.584 wrote checkpoint.
At iteration 7631/22100/22100, mean rms=0.811%, delta=1.321%, BCER train=3.553%, BWER train=33.718%, skip ratio=0.000%, New worst BCER = 3.553 wrote checkpoint.
At iteration 7651/22200/22200, mean rms=0.786%, delta=1.181%, BCER train=3.291%, BWER train=32.318%, skip ratio=0.000%, New worst BCER = 3.291 wrote checkpoint.
At iteration 7683/22300/22300, mean rms=0.807%, delta=1.265%, BCER train=3.541%, BWER train=33.702%, skip ratio=0.000%, New worst BCER = 3.541 wrote checkpoint.
At iteration 7709/22400/22400, mean rms=0.803%, delta=1.249%, BCER train=3.523%, BWER train=32.992%, skip ratio=0.000%, New worst BCER = 3.523 wrote checkpoint.
At iteration 7742/22500/22500, mean rms=0.815%, delta=1.296%, BCER train=3.634%, BWER train=33.558%, skip ratio=0.000%, New worst BCER = 3.634 wrote checkpoint.
At iteration 7769/22600/22600, mean rms=0.802%, delta=1.251%, BCER train=3.677%, BWER train=33.508%, skip ratio=0.000%, New worst BCER = 3.677 wrote checkpoint.
At iteration 7799/22700/22700, mean rms=0.804%, delta=1.290%, BCER train=3.791%, BWER train=33.358%, skip ratio=0.000%, New worst BCER = 3.791 wrote checkpoint.
At iteration 7824/22800/22800, mean rms=0.802%, delta=1.269%, BCER train=3.772%, BWER train=33.558%, skip ratio=0.000%, New worst BCER = 3.772 wrote checkpoint.
At iteration 7841/22900/22900, mean rms=0.784%, delta=1.180%, BCER train=3.606%, BWER train=33.033%, skip ratio=0.000%, New worst BCER = 3.606 wrote checkpoint.
At iteration 7865/23000/23000, mean rms=0.786%, delta=1.199%, BCER train=3.678%, BWER train=33.060%, skip ratio=0.000%, New worst BCER = 3.678 wrote checkpoint.
At iteration 7896/23100/23100, mean rms=0.804%, delta=1.253%, BCER train=3.783%, BWER train=33.627%, skip ratio=0.000%, New worst BCER = 3.783 wrote checkpoint.
At iteration 7925/23200/23200, mean rms=0.829%, delta=1.338%, BCER train=4.030%, BWER train=35.127%, skip ratio=0.000%, New worst BCER = 4.030 wrote checkpoint.
At iteration 7960/23300/23300, mean rms=0.831%, delta=1.348%, BCER train=4.018%, BWER train=35.343%, skip ratio=0.000%, New worst BCER = 4.018 wrote checkpoint.
At iteration 7989/23400/23400, mean rms=0.833%, delta=1.355%, BCER train=4.033%, BWER train=35.743%, skip ratio=0.000%, New worst BCER = 4.033 wrote checkpoint.
At iteration 8022/23500/23500, mean rms=0.830%, delta=1.345%, BCER train=3.976%, BWER train=35.527%, skip ratio=0.000%, New worst BCER = 3.976 wrote checkpoint.
At iteration 8050/23600/23600, mean rms=0.834%, delta=1.320%, BCER train=3.860%, BWER train=35.743%, skip ratio=0.000%, New worst BCER = 3.860 wrote checkpoint.
At iteration 8078/23700/23700, mean rms=0.844%, delta=1.326%, BCER train=3.887%, BWER train=36.677%, skip ratio=0.000%, New worst BCER = 3.887 wrote checkpoint.
At iteration 8107/23800/23800, mean rms=0.856%, delta=1.369%, BCER train=3.977%, BWER train=36.277%, skip ratio=0.000%, New worst BCER = 3.977 wrote checkpoint.
At iteration 8132/23900/23900, mean rms=0.859%, delta=1.401%, BCER train=4.053%, BWER train=36.277%, skip ratio=0.000%, New worst BCER = 4.053 wrote checkpoint.
At iteration 8166/24000/24000, mean rms=0.864%, delta=1.413%, BCER train=4.032%, BWER train=36.600%, skip ratio=0.000%, New worst BCER = 4.032 wrote checkpoint.
At iteration 8188/24100/24100, mean rms=0.849%, delta=1.335%, BCER train=3.879%, BWER train=36.100%, skip ratio=0.000%, New worst BCER = 3.879 wrote checkpoint.
At iteration 8212/24200/24200, mean rms=0.837%, delta=1.331%, BCER train=3.822%, BWER train=34.867%, skip ratio=0.000%, New worst BCER = 3.822 wrote checkpoint.
At iteration 8233/24300/24300, mean rms=0.819%, delta=1.290%, BCER train=3.777%, BWER train=33.967%, skip ratio=0.000%, New worst BCER = 3.777 wrote checkpoint.
At iteration 8258/24400/24400, mean rms=0.813%, delta=1.320%, BCER train=3.819%, BWER train=33.283%, skip ratio=0.000%, New worst BCER = 3.819 wrote checkpoint.
At iteration 8283/24500/24500, mean rms=0.799%, delta=1.264%, BCER train=3.763%, BWER train=32.708%, skip ratio=0.000%, New worst BCER = 3.763 wrote checkpoint.
At iteration 8302/24600/24600, mean rms=0.786%, delta=1.247%, BCER train=3.684%, BWER train=31.342%, skip ratio=0.000%, New worst BCER = 3.684 wrote checkpoint.
At iteration 8329/24700/24700, mean rms=0.782%, delta=1.248%, BCER train=3.729%, BWER train=31.025%, skip ratio=0.000%, New worst BCER = 3.729 wrote checkpoint.
Warning: LSTMTrainer deserialized an LSTMRecognizer!
At iteration 8350/24800/24800, mean rms=0.764%, delta=1.205%, BCER train=3.628%, BWER train=30.425%, skip ratio=0.000%, New worst BCER = 3.628At iteration 6662, stage 1, BCER eval=4.804, BWER eval=43.522 wrote checkpoint.
At iteration 8364/24900/24900, mean rms=0.755%, delta=1.142%, BCER train=3.480%, BWER train=29.825%, skip ratio=0.000%, wrote checkpoint.
At iteration 8390/25000/25000, mean rms=0.748%, delta=1.123%, BCER train=3.425%, BWER train=29.292%, skip ratio=0.000%, wrote checkpoint.
At iteration 8406/25100/25100, mean rms=0.736%, delta=1.118%, BCER train=3.357%, BWER train=28.592%, skip ratio=0.000%, wrote checkpoint.
At iteration 8425/25200/25200, mean rms=0.721%, delta=1.060%, BCER train=3.227%, BWER train=28.575%, skip ratio=0.000%, wrote checkpoint.
At iteration 8458/25300/25300, mean rms=0.732%, delta=1.051%, BCER train=3.269%, BWER train=30.225%, skip ratio=0.000%, wrote checkpoint.
At iteration 8491/25400/25400, mean rms=0.750%, delta=1.065%, BCER train=3.413%, BWER train=31.108%, skip ratio=0.000%, wrote checkpoint.
At iteration 8528/25500/25500, mean rms=0.777%, delta=1.130%, BCER train=3.600%, BWER train=32.883%, skip ratio=0.000%, wrote checkpoint.
At iteration 8557/25600/25600, mean rms=0.791%, delta=1.187%, BCER train=3.745%, BWER train=33.633%, skip ratio=0.000%, New worst BCER = 3.745Previous test incomplete, skipping test at iteration 8350 wrote checkpoint.
At iteration 8589/25700/25700, mean rms=0.797%, delta=1.197%, BCER train=3.730%, BWER train=33.450%, skip ratio=0.000%, wrote checkpoint.
At iteration 8635/25800/25800, mean rms=0.828%, delta=1.283%, BCER train=3.984%, BWER train=35.950%, skip ratio=0.000%, New worst BCER = 3.984Previous test incomplete, skipping test at iteration 8557 wrote checkpoint.
At iteration 8671/25900/25900, mean rms=0.859%, delta=1.381%, BCER train=4.272%, BWER train=37.650%, skip ratio=0.000%, New worst BCER = 4.272Previous test incomplete, skipping test at iteration 8635 wrote checkpoint.
At iteration 8701/26000/26000, mean rms=0.863%, delta=1.405%, BCER train=4.290%, BWER train=37.758%, skip ratio=0.000%, New worst BCER = 4.290Previous test incomplete, skipping test at iteration 8671 wrote checkpoint.
At iteration 8732/26100/26100, mean rms=0.888%, delta=1.454%, BCER train=4.484%, BWER train=39.758%, skip ratio=0.000%, New worst BCER = 4.484Previous test incomplete, skipping test at iteration 8701 wrote checkpoint.
At iteration 8762/26200/26200, mean rms=0.906%, delta=1.508%, BCER train=4.609%, BWER train=40.558%, skip ratio=0.000%, New worst BCER = 4.609Previous test incomplete, skipping test at iteration 8732 wrote checkpoint.
At iteration 8782/26300/26300, mean rms=0.891%, delta=1.460%, BCER train=4.407%, BWER train=39.067%, skip ratio=0.000%, wrote checkpoint.
At iteration 8810/26400/26400, mean rms=0.887%, delta=1.500%, BCER train=4.422%, BWER train=38.867%, skip ratio=0.000%, wrote checkpoint.
At iteration 8830/26500/26500, mean rms=0.859%, delta=1.456%, BCER train=4.236%, BWER train=36.917%, skip ratio=0.000%, wrote checkpoint.
At iteration 8856/26600/26600, mean rms=0.848%, delta=1.408%, BCER train=4.087%, BWER train=36.617%, skip ratio=0.000%, wrote checkpoint.
At iteration 8889/26700/26700, mean rms=0.838%, delta=1.381%, BCER train=4.002%, BWER train=36.867%, skip ratio=0.000%, wrote checkpoint.
At iteration 8905/26800/26800, mean rms=0.799%, delta=1.265%, BCER train=3.693%, BWER train=34.117%, skip ratio=0.000%, wrote checkpoint.
At iteration 8931/26900/26900, mean rms=0.786%, delta=1.218%, BCER train=3.570%, BWER train=33.417%, skip ratio=0.000%, wrote checkpoint.
At iteration 8949/27000/27000, mean rms=0.770%, delta=1.130%, BCER train=3.437%, BWER train=32.942%, skip ratio=0.000%, wrote checkpoint.
At iteration 8972/27100/27100, mean rms=0.759%, delta=1.135%, BCER train=3.401%, BWER train=31.542%, skip ratio=0.000%, wrote checkpoint.
At iteration 8996/27200/27200, mean rms=0.746%, delta=1.096%, BCER train=3.346%, BWER train=31.442%, skip ratio=0.000%, wrote checkpoint.
At iteration 9022/27300/27300, mean rms=0.756%, delta=1.208%, BCER train=3.583%, BWER train=32.067%, skip ratio=0.000%, wrote checkpoint.
At iteration 9048/27400/27400, mean rms=0.743%, delta=1.100%, BCER train=3.388%, BWER train=32.367%, skip ratio=0.000%, wrote checkpoint.
At iteration 9069/27500/27500, mean rms=0.734%, delta=1.052%, BCER train=3.242%, BWER train=32.267%, skip ratio=0.000%, wrote checkpoint.
At iteration 9091/27600/27600, mean rms=0.725%, delta=1.040%, BCER train=3.225%, BWER train=31.717%, skip ratio=0.000%, wrote checkpoint.
At iteration 9120/27700/27700, mean rms=0.726%, delta=1.055%, BCER train=3.294%, BWER train=31.367%, skip ratio=0.000%, wrote checkpoint.
At iteration 9139/27800/27800, mean rms=0.734%, delta=1.064%, BCER train=3.320%, BWER train=31.975%, skip ratio=0.000%, wrote checkpoint.
At iteration 9167/27900/27900, mean rms=0.736%, delta=1.104%, BCER train=3.400%, BWER train=32.025%, skip ratio=0.000%, wrote checkpoint.
At iteration 9186/28000/28000, mean rms=0.735%, delta=1.099%, BCER train=3.402%, BWER train=31.858%, skip ratio=0.000%, wrote checkpoint.
At iteration 9206/28100/28100, mean rms=0.735%, delta=1.072%, BCER train=3.357%, BWER train=32.408%, skip ratio=0.000%, wrote checkpoint.
At iteration 9231/28200/28200, mean rms=0.747%, delta=1.089%, BCER train=3.408%, BWER train=32.708%, skip ratio=0.000%, wrote checkpoint.
At iteration 9251/28300/28300, mean rms=0.738%, delta=0.979%, BCER train=3.234%, BWER train=32.025%, skip ratio=0.000%, wrote checkpoint.
At iteration 9279/28400/28400, mean rms=0.744%, delta=1.012%, BCER train=3.294%, BWER train=31.492%, skip ratio=0.000%, wrote checkpoint.
At iteration 9300/28500/28500, mean rms=0.752%, delta=1.025%, BCER train=3.364%, BWER train=31.742%, skip ratio=0.000%, wrote checkpoint.
At iteration 9314/28600/28600, mean rms=0.753%, delta=1.009%, BCER train=3.372%, BWER train=32.092%, skip ratio=0.000%, wrote checkpoint.
At iteration 9332/28700/28700, mean rms=0.735%, delta=0.932%, BCER train=3.124%, BWER train=31.108%, skip ratio=0.000%, wrote checkpoint.
At iteration 9357/28800/28800, mean rms=0.738%, delta=0.954%, BCER train=3.155%, BWER train=30.750%, skip ratio=0.000%, wrote checkpoint.
At iteration 9386/28900/28900, mean rms=0.740%, delta=0.937%, BCER train=3.070%, BWER train=30.800%, skip ratio=0.000%, wrote checkpoint.
At iteration 9409/29000/29000, mean rms=0.747%, delta=0.972%, BCER train=3.150%, BWER train=31.317%, skip ratio=0.000%, wrote checkpoint.
At iteration 9439/29100/29100, mean rms=0.761%, delta=0.999%, BCER train=3.279%, BWER train=31.917%, skip ratio=0.000%, wrote checkpoint.
At iteration 9465/29200/29200, mean rms=0.766%, delta=1.020%, BCER train=3.333%, BWER train=32.517%, skip ratio=0.000%, wrote checkpoint.
At iteration 9492/29300/29300, mean rms=0.771%, delta=1.040%, BCER train=3.361%, BWER train=32.617%, skip ratio=0.000%, wrote checkpoint.
At iteration 9519/29400/29400, mean rms=0.766%, delta=1.014%, BCER train=3.264%, BWER train=32.450%, skip ratio=0.000%, wrote checkpoint.
At iteration 9557/29500/29500, mean rms=0.783%, delta=1.105%, BCER train=3.460%, BWER train=33.700%, skip ratio=0.000%, wrote checkpoint.
At iteration 9591/29600/29600, mean rms=0.804%, delta=1.186%, BCER train=3.588%, BWER train=34.817%, skip ratio=0.000%, wrote checkpoint.
At iteration 9624/29700/29700, mean rms=0.817%, delta=1.237%, BCER train=3.763%, BWER train=35.583%, skip ratio=0.000%, wrote checkpoint.
At iteration 9647/29800/29800, mean rms=0.815%, delta=1.212%, BCER train=3.678%, BWER train=35.883%, skip ratio=0.000%, wrote checkpoint.
At iteration 9669/29900/29900, mean rms=0.802%, delta=1.172%, BCER train=3.641%, BWER train=36.083%, skip ratio=0.000%, wrote checkpoint.
At iteration 9697/30000/30000, mean rms=0.806%, delta=1.185%, BCER train=3.689%, BWER train=36.283%, skip ratio=0.000%, wrote checkpoint.
At iteration 9732/30100/30100, mean rms=0.805%, delta=1.214%, BCER train=3.710%, BWER train=36.233%, skip ratio=0.000%, wrote checkpoint.
At iteration 9763/30200/30200, mean rms=0.798%, delta=1.214%, BCER train=3.728%, BWER train=35.990%, skip ratio=0.000%, wrote checkpoint.
At iteration 9785/30300/30300, mean rms=0.799%, delta=1.233%, BCER train=3.724%, BWER train=36.140%, skip ratio=0.000%, wrote checkpoint.
At iteration 9805/30400/30400, mean rms=0.788%, delta=1.203%, BCER train=3.659%, BWER train=35.640%, skip ratio=0.000%, wrote checkpoint.
At iteration 9824/30500/30500, mean rms=0.763%, delta=1.094%, BCER train=3.391%, BWER train=34.015%, skip ratio=0.000%, wrote checkpoint.
At iteration 9849/30600/30600, mean rms=0.755%, delta=1.083%, BCER train=3.315%, BWER train=32.598%, skip ratio=0.000%, wrote checkpoint.
At iteration 9873/30700/30700, mean rms=0.757%, delta=1.101%, BCER train=3.255%, BWER train=31.798%, skip ratio=0.000%, wrote checkpoint.
At iteration 9896/30800/30800, mean rms=0.759%, delta=1.140%, BCER train=3.426%, BWER train=31.865%, skip ratio=0.000%, wrote checkpoint.
At iteration 9919/30900/30900, mean rms=0.762%, delta=1.150%, BCER train=3.398%, BWER train=30.882%, skip ratio=0.000%, wrote checkpoint.
At iteration 9939/31000/31000, mean rms=0.756%, delta=1.140%, BCER train=3.326%, BWER train=30.257%, skip ratio=0.000%, wrote checkpoint.
At iteration 9960/31100/31100, mean rms=0.735%, delta=1.083%, BCER train=3.147%, BWER train=29.140%, skip ratio=0.000%, wrote checkpoint.
At iteration 9983/31200/31200, mean rms=0.729%, delta=1.068%, BCER train=3.044%, BWER train=28.183%, skip ratio=0.000%, wrote checkpoint.
2 Percent improvement time=7885, best error was 4.995 @ 2116
Warning: LSTMTrainer deserialized an LSTMRecognizer!
At iteration 10001/31300/31300, mean rms=0.722%, delta=1.046%, BCER train=2.963%, BWER train=27.733%, skip ratio=0.000%, New best BCER = 2.963At iteration 7342, stage 1, BCER eval=3.762, BWER eval=36.022 wrote checkpoint.
At iteration 10030/31400/31400, mean rms=0.734%, delta=1.087%, BCER train=3.056%, BWER train=28.683%, skip ratio=0.000%, New worst BCER = 3.056 wrote checkpoint.
At iteration 10053/31500/31500, mean rms=0.741%, delta=1.118%, BCER train=3.142%, BWER train=28.975%, skip ratio=0.000%, New worst BCER = 3.142 wrote checkpoint.
At iteration 10083/31600/31600, mean rms=0.753%, delta=1.161%, BCER train=3.271%, BWER train=29.942%, skip ratio=0.000%, New worst BCER = 3.271 wrote checkpoint.
At iteration 10103/31700/31700, mean rms=0.744%, delta=1.162%, BCER train=3.307%, BWER train=29.592%, skip ratio=0.000%, New worst BCER = 3.307 wrote checkpoint.
At iteration 10130/31800/31800, mean rms=0.754%, delta=1.185%, BCER train=3.292%, BWER train=30.042%, skip ratio=0.000%, New worst BCER = 3.292 wrote checkpoint.
At iteration 10159/31900/31900, mean rms=0.764%, delta=1.211%, BCER train=3.400%, BWER train=30.808%, skip ratio=0.000%, New worst BCER = 3.400 wrote checkpoint.
At iteration 10185/32000/32000, mean rms=0.773%, delta=1.234%, BCER train=3.472%, BWER train=31.300%, skip ratio=0.000%, New worst BCER = 3.472 wrote checkpoint.
At iteration 10213/32100/32100, mean rms=0.780%, delta=1.240%, BCER train=3.498%, BWER train=31.983%, skip ratio=0.000%, New worst BCER = 3.498 wrote checkpoint.
At iteration 10233/32200/32200, mean rms=0.771%, delta=1.182%, BCER train=3.421%, BWER train=32.733%, skip ratio=0.000%, New worst BCER = 3.421 wrote checkpoint.
At iteration 10258/32300/32300, mean rms=0.784%, delta=1.264%, BCER train=3.656%, BWER train=33.183%, skip ratio=0.000%, New worst BCER = 3.656 wrote checkpoint.
At iteration 10280/32400/32400, mean rms=0.775%, delta=1.247%, BCER train=3.595%, BWER train=32.250%, skip ratio=0.000%, New worst BCER = 3.595 wrote checkpoint.
At iteration 10305/32500/32500, mean rms=0.777%, delta=1.256%, BCER train=3.542%, BWER train=32.083%, skip ratio=0.000%, New worst BCER = 3.542 wrote checkpoint.
At iteration 10322/32600/32600, mean rms=0.747%, delta=1.128%, BCER train=3.264%, BWER train=30.783%, skip ratio=0.000%, New worst BCER = 3.264 wrote checkpoint.
At iteration 10349/32700/32700, mean rms=0.754%, delta=1.110%, BCER train=3.220%, BWER train=30.950%, skip ratio=0.000%, New worst BCER = 3.220 wrote checkpoint.
At iteration 10382/32800/32800, mean rms=0.759%, delta=1.118%, BCER train=3.285%, BWER train=31.233%, skip ratio=0.000%, New worst BCER = 3.285 wrote checkpoint.
At iteration 10410/32900/32900, mean rms=0.750%, delta=1.105%, BCER train=3.244%, BWER train=31.142%, skip ratio=0.000%, New worst BCER = 3.244 wrote checkpoint.
At iteration 10434/33000/33000, mean rms=0.748%, delta=1.094%, BCER train=3.228%, BWER train=30.988%, skip ratio=0.000%, New worst BCER = 3.228 wrote checkpoint.
At iteration 10462/33100/33100, mean rms=0.748%, delta=1.106%, BCER train=3.263%, BWER train=30.605%, skip ratio=0.000%, New worst BCER = 3.263 wrote checkpoint.
At iteration 10493/33200/33200, mean rms=0.772%, delta=1.208%, BCER train=3.559%, BWER train=30.655%, skip ratio=0.000%, New worst BCER = 3.559 wrote checkpoint.
At iteration 10529/33300/33300, mean rms=0.773%, delta=1.173%, BCER train=3.485%, BWER train=31.505%, skip ratio=0.000%, New worst BCER = 3.485 wrote checkpoint.
At iteration 10560/33400/33400, mean rms=0.781%, delta=1.197%, BCER train=3.617%, BWER train=32.038%, skip ratio=0.000%, New worst BCER = 3.617 wrote checkpoint.
At iteration 10579/33500/33500, mean rms=0.771%, delta=1.142%, BCER train=3.556%, BWER train=32.138%, skip ratio=0.000%, New worst BCER = 3.556 wrote checkpoint.
At iteration 10604/33600/33600, mean rms=0.788%, delta=1.226%, BCER train=3.767%, BWER train=32.522%, skip ratio=0.000%, New worst BCER = 3.767 wrote checkpoint.
At iteration 10621/33700/33700, mean rms=0.772%, delta=1.175%, BCER train=3.690%, BWER train=32.788%, skip ratio=0.000%, New worst BCER = 3.690 wrote checkpoint.
At iteration 10644/33800/33800, mean rms=0.762%, delta=1.144%, BCER train=3.588%, BWER train=32.288%, skip ratio=0.000%, New worst BCER = 3.588 wrote checkpoint.
At iteration 10661/33900/33900, mean rms=0.744%, delta=1.100%, BCER train=3.469%, BWER train=31.547%, skip ratio=0.000%, New worst BCER = 3.469 wrote checkpoint.
At iteration 10683/34000/34000, mean rms=0.732%, delta=1.075%, BCER train=3.373%, BWER train=31.033%, skip ratio=0.000%, New worst BCER = 3.373 wrote checkpoint.
At iteration 10704/34100/34100, mean rms=0.728%, delta=1.056%, BCER train=3.288%, BWER train=30.350%, skip ratio=0.000%, New worst BCER = 3.288 wrote checkpoint.
At iteration 10722/34200/34200, mean rms=0.715%, delta=0.995%, BCER train=3.140%, BWER train=29.950%, skip ratio=0.000%, New worst BCER = 3.140 wrote checkpoint.
At iteration 10745/34300/34300, mean rms=0.706%, delta=0.951%, BCER train=3.028%, BWER train=28.900%, skip ratio=0.000%, New worst BCER = 3.028 wrote checkpoint.
At iteration 10775/34400/34400, mean rms=0.708%, delta=0.959%, BCER train=2.983%, BWER train=28.950%, skip ratio=0.000%, New worst BCER = 2.983 wrote checkpoint.
At iteration 10805/34500/34500, mean rms=0.726%, delta=1.042%, BCER train=3.189%, BWER train=29.800%, skip ratio=0.000%, New worst BCER = 3.189 wrote checkpoint.
At iteration 10830/34600/34600, mean rms=0.726%, delta=1.021%, BCER train=3.154%, BWER train=30.350%, skip ratio=0.000%, New worst BCER = 3.154 wrote checkpoint.
At iteration 10850/34700/34700, mean rms=0.727%, delta=1.025%, BCER train=3.139%, BWER train=30.100%, skip ratio=0.000%, New worst BCER = 3.139 wrote checkpoint.
At iteration 10874/34800/34800, mean rms=0.730%, delta=1.003%, BCER train=3.144%, BWER train=30.500%, skip ratio=0.000%, New worst BCER = 3.144 wrote checkpoint.
At iteration 10905/34900/34900, mean rms=0.758%, delta=1.071%, BCER train=3.348%, BWER train=32.000%, skip ratio=0.000%, New worst BCER = 3.348 wrote checkpoint.
At iteration 10938/35000/35000, mean rms=0.784%, delta=1.147%, BCER train=3.561%, BWER train=33.400%, skip ratio=0.000%, New worst BCER = 3.561 wrote checkpoint.
At iteration 10970/35100/35100, mean rms=0.800%, delta=1.215%, BCER train=3.807%, BWER train=34.750%, skip ratio=0.000%, New worst BCER = 3.807 wrote checkpoint.
At iteration 10997/35200/35200, mean rms=0.797%, delta=1.204%, BCER train=3.666%, BWER train=34.400%, skip ratio=0.000%, New worst BCER = 3.666 wrote checkpoint.
Warning: LSTMTrainer deserialized an LSTMRecognizer!
At iteration 11022/35300/35300, mean rms=0.795%, delta=1.233%, BCER train=3.728%, BWER train=34.550%, skip ratio=0.000%, New worst BCER = 3.728At iteration 8762, stage 1, BCER eval=3.909, BWER eval=37.101 wrote checkpoint.
At iteration 11047/35400/35400, mean rms=0.784%, delta=1.193%, BCER train=3.616%, BWER train=33.867%, skip ratio=0.000%, wrote checkpoint.
At iteration 11075/35500/35500, mean rms=0.779%, delta=1.182%, BCER train=3.568%, BWER train=33.467%, skip ratio=0.000%, wrote checkpoint.
At iteration 11106/35600/35600, mean rms=0.787%, delta=1.210%, BCER train=3.623%, BWER train=34.167%, skip ratio=0.000%, wrote checkpoint.
At iteration 11128/35700/35700, mean rms=0.793%, delta=1.218%, BCER train=3.679%, BWER train=34.617%, skip ratio=0.000%, wrote checkpoint.
At iteration 11163/35800/35800, mean rms=0.798%, delta=1.264%, BCER train=3.711%, BWER train=34.983%, skip ratio=0.000%, wrote checkpoint.
At iteration 11190/35900/35900, mean rms=0.791%, delta=1.255%, BCER train=3.647%, BWER train=34.417%, skip ratio=0.000%, wrote checkpoint.
At iteration 11221/36000/36000, mean rms=0.779%, delta=1.210%, BCER train=3.545%, BWER train=33.767%, skip ratio=0.000%, wrote checkpoint.
At iteration 11244/36100/36100, mean rms=0.767%, delta=1.144%, BCER train=3.374%, BWER train=33.017%, skip ratio=0.000%, wrote checkpoint.
At iteration 11277/36200/36200, mean rms=0.782%, delta=1.214%, BCER train=3.599%, BWER train=33.917%, skip ratio=0.000%, wrote checkpoint.
At iteration 11311/36300/36300, mean rms=0.797%, delta=1.267%, BCER train=3.721%, BWER train=34.417%, skip ratio=0.000%, wrote checkpoint.
At iteration 11341/36400/36400, mean rms=0.808%, delta=1.300%, BCER train=3.857%, BWER train=35.200%, skip ratio=0.000%, New worst BCER = 3.857Previous test incomplete, skipping test at iteration 11022 wrote checkpoint.
At iteration 11369/36500/36500, mean rms=0.815%, delta=1.326%, BCER train=3.901%, BWER train=35.400%, skip ratio=0.000%, New worst BCER = 3.901Previous test incomplete, skipping test at iteration 11341 wrote checkpoint.
At iteration 11396/36600/36600, mean rms=0.811%, delta=1.317%, BCER train=3.863%, BWER train=34.717%, skip ratio=0.000%, wrote checkpoint.
At iteration 11419/36700/36700, mean rms=0.812%, delta=1.326%, BCER train=3.882%, BWER train=35.267%, skip ratio=0.000%, wrote checkpoint.
At iteration 11441/36800/36800, mean rms=0.797%, delta=1.264%, BCER train=3.727%, BWER train=33.900%, skip ratio=0.000%, wrote checkpoint.
At iteration 11474/36900/36900, mean rms=0.803%, delta=1.297%, BCER train=3.837%, BWER train=34.133%, skip ratio=0.000%, wrote checkpoint.
At iteration 11497/37000/37000, mean rms=0.792%, delta=1.275%, BCER train=3.736%, BWER train=33.633%, skip ratio=0.000%, wrote checkpoint.
At iteration 11527/37100/37100, mean rms=0.803%, delta=1.329%, BCER train=3.844%, BWER train=33.833%, skip ratio=0.000%, wrote checkpoint.
At iteration 11556/37200/37200, mean rms=0.793%, delta=1.273%, BCER train=3.685%, BWER train=32.900%, skip ratio=0.000%, wrote checkpoint.
At iteration 11581/37300/37300, mean rms=0.783%, delta=1.201%, BCER train=3.516%, BWER train=32.108%, skip ratio=0.000%, wrote checkpoint.
At iteration 11609/37400/37400, mean rms=0.779%, delta=1.197%, BCER train=3.439%, BWER train=31.608%, skip ratio=0.000%, wrote checkpoint.
At iteration 11632/37500/37500, mean rms=0.763%, delta=1.133%, BCER train=3.303%, BWER train=30.808%, skip ratio=0.000%, wrote checkpoint.
At iteration 11649/37600/37600, mean rms=0.749%, delta=1.078%, BCER train=3.171%, BWER train=29.592%, skip ratio=0.000%, wrote checkpoint.
At iteration 11675/37700/37700, mean rms=0.755%, delta=1.095%, BCER train=3.200%, BWER train=29.408%, skip ratio=0.000%, wrote checkpoint.
At iteration 11694/37800/37800, mean rms=0.756%, delta=1.129%, BCER train=3.302%, BWER train=29.258%, skip ratio=0.000%, wrote checkpoint.
At iteration 11716/37900/37900, mean rms=0.745%, delta=1.069%, BCER train=3.146%, BWER train=28.692%, skip ratio=0.000%, wrote checkpoint.
At iteration 11739/38000/38000, mean rms=0.754%, delta=1.071%, BCER train=3.176%, BWER train=29.492%, skip ratio=0.000%, wrote checkpoint.
At iteration 11761/38100/38100, mean rms=0.742%, delta=1.066%, BCER train=3.118%, BWER train=29.075%, skip ratio=0.000%, wrote checkpoint.
At iteration 11794/38200/38200, mean rms=0.755%, delta=1.129%, BCER train=3.277%, BWER train=30.142%, skip ratio=0.000%, wrote checkpoint.
At iteration 11813/38300/38300, mean rms=0.754%, delta=1.207%, BCER train=3.387%, BWER train=29.833%, skip ratio=0.000%, wrote checkpoint.
At iteration 11838/38400/38400, mean rms=0.760%, delta=1.239%, BCER train=3.494%, BWER train=29.783%, skip ratio=0.000%, wrote checkpoint.
At iteration 11861/38500/38500, mean rms=0.760%, delta=1.234%, BCER train=3.543%, BWER train=30.307%, skip ratio=0.000%, wrote checkpoint.
At iteration 11882/38600/38600, mean rms=0.761%, delta=1.240%, BCER train=3.570%, BWER train=31.257%, skip ratio=0.000%, wrote checkpoint.
At iteration 11910/38700/38700, mean rms=0.760%, delta=1.253%, BCER train=3.649%, BWER train=31.390%, skip ratio=0.000%, wrote checkpoint.
At iteration 11932/38800/38800, mean rms=0.758%, delta=1.203%, BCER train=3.583%, BWER train=32.373%, skip ratio=0.000%, wrote checkpoint.
At iteration 11968/38900/38900, mean rms=0.763%, delta=1.225%, BCER train=3.648%, BWER train=33.263%, skip ratio=0.000%, wrote checkpoint.
At iteration 11992/39000/39000, mean rms=0.761%, delta=1.257%, BCER train=3.738%, BWER train=32.813%, skip ratio=0.000%, wrote checkpoint.
At iteration 12022/39100/39100, mean rms=0.772%, delta=1.266%, BCER train=3.813%, BWER train=33.605%, skip ratio=0.000%, wrote checkpoint.
At iteration 12049/39200/39200, mean rms=0.756%, delta=1.226%, BCER train=3.789%, BWER train=33.222%, skip ratio=0.000%, wrote checkpoint.
At iteration 12071/39300/39300, mean rms=0.754%, delta=1.140%, BCER train=3.694%, BWER train=33.988%, skip ratio=0.000%, wrote checkpoint.
At iteration 12098/39400/39400, mean rms=0.751%, delta=1.120%, BCER train=3.693%, BWER train=35.138%, skip ratio=0.000%, wrote checkpoint.
At iteration 12129/39500/39500, mean rms=0.767%, delta=1.180%, BCER train=3.853%, BWER train=35.915%, skip ratio=0.000%, wrote checkpoint.
Warning: LSTMTrainer deserialized an LSTMRecognizer!
At iteration 12159/39600/39600, mean rms=0.785%, delta=1.252%, BCER train=4.039%, BWER train=36.782%, skip ratio=0.000%, New worst BCER = 4.039At iteration 10001, stage 1, BCER eval=3.275, BWER eval=30.504 wrote checkpoint.
At iteration 12192/39700/39700, mean rms=0.797%, delta=1.309%, BCER train=4.082%, BWER train=37.165%, skip ratio=0.000%, New worst BCER = 4.082Previous test incomplete, skipping test at iteration 12159 wrote checkpoint.
At iteration 12216/39800/39800, mean rms=0.805%, delta=1.343%, BCER train=4.162%, BWER train=37.382%, skip ratio=0.000%, New worst BCER = 4.162Previous test incomplete, skipping test at iteration 12192 wrote checkpoint.
At iteration 12247/39900/39900, mean rms=0.814%, delta=1.380%, BCER train=4.245%, BWER train=37.092%, skip ratio=0.000%, New worst BCER = 4.245Previous test incomplete, skipping test at iteration 12216 wrote checkpoint.
At iteration 12278/40000/40000, mean rms=0.816%, delta=1.388%, BCER train=4.235%, BWER train=37.225%, skip ratio=0.000%, wrote checkpoint.
At iteration 12313/40100/40100, mean rms=0.821%, delta=1.411%, BCER train=4.274%, BWER train=37.508%, skip ratio=0.000%, New worst BCER = 4.274Previous test incomplete, skipping test at iteration 12247 wrote checkpoint.
At iteration 12332/40200/40200, mean rms=0.822%, delta=1.366%, BCER train=4.174%, BWER train=37.275%, skip ratio=0.000%, wrote checkpoint.
At iteration 12351/40300/40300, mean rms=0.814%, delta=1.342%, BCER train=4.184%, BWER train=37.642%, skip ratio=0.000%, wrote checkpoint.
At iteration 12382/40400/40400, mean rms=0.821%, delta=1.360%, BCER train=4.284%, BWER train=37.542%, skip ratio=0.000%, New worst BCER = 4.284Previous test incomplete, skipping test at iteration 12313 wrote checkpoint.
At iteration 12409/40500/40500, mean rms=0.817%, delta=1.368%, BCER train=4.206%, BWER train=36.758%, skip ratio=0.000%, wrote checkpoint.
At iteration 12430/40600/40600, mean rms=0.800%, delta=1.292%, BCER train=4.068%, BWER train=36.208%, skip ratio=0.000%, wrote checkpoint.
At iteration 12458/40700/40700, mean rms=0.781%, delta=1.215%, BCER train=3.941%, BWER train=35.775%, skip ratio=0.000%, wrote checkpoint.
At iteration 12481/40800/40800, mean rms=0.779%, delta=1.207%, BCER train=3.962%, BWER train=35.125%, skip ratio=0.000%, wrote checkpoint.
At iteration 12507/40900/40900, mean rms=0.761%, delta=1.144%, BCER train=3.786%, BWER train=34.508%, skip ratio=0.000%, wrote checkpoint.
At iteration 12531/41000/41000, mean rms=0.760%, delta=1.130%, BCER train=3.794%, BWER train=34.725%, skip ratio=0.000%, wrote checkpoint.
At iteration 12554/41100/41100, mean rms=0.747%, delta=1.094%, BCER train=3.651%, BWER train=33.117%, skip ratio=0.000%, wrote checkpoint.
At iteration 12579/41200/41200, mean rms=0.750%, delta=1.130%, BCER train=3.689%, BWER train=32.933%, skip ratio=0.000%, wrote checkpoint.
At iteration 12599/41300/41300, mean rms=0.751%, delta=1.158%, BCER train=3.644%, BWER train=31.633%, skip ratio=0.000%, wrote checkpoint.
At iteration 12625/41400/41400, mean rms=0.740%, delta=1.110%, BCER train=3.533%, BWER train=31.233%, skip ratio=0.000%, wrote checkpoint.
At iteration 12646/41500/41500, mean rms=0.728%, delta=1.056%, BCER train=3.455%, BWER train=30.950%, skip ratio=0.000%, wrote checkpoint.
At iteration 12678/41600/41600, mean rms=0.739%, delta=1.098%, BCER train=3.620%, BWER train=31.700%, skip ratio=0.000%, wrote checkpoint.
At iteration 12706/41700/41700, mean rms=0.744%, delta=1.108%, BCER train=3.656%, BWER train=32.100%, skip ratio=0.000%, wrote checkpoint.
At iteration 12729/41800/41800, mean rms=0.734%, delta=1.088%, BCER train=3.521%, BWER train=31.800%, skip ratio=0.000%, wrote checkpoint.
At iteration 12752/41900/41900, mean rms=0.739%, delta=1.083%, BCER train=3.540%, BWER train=31.783%, skip ratio=0.000%, wrote checkpoint.
At iteration 12783/42000/42000, mean rms=0.747%, delta=1.094%, BCER train=3.585%, BWER train=32.383%, skip ratio=0.000%, wrote checkpoint.
At iteration 12806/42100/42100, mean rms=0.739%, delta=1.048%, BCER train=3.508%, BWER train=33.333%, skip ratio=0.000%, wrote checkpoint.
At iteration 12831/42200/42200, mean rms=0.731%, delta=1.019%, BCER train=3.433%, BWER train=33.525%, skip ratio=0.000%, wrote checkpoint.
At iteration 12854/42300/42300, mean rms=0.729%, delta=1.015%, BCER train=3.404%, BWER train=34.592%, skip ratio=0.000%, wrote checkpoint.
At iteration 12873/42400/42400, mean rms=0.724%, delta=1.004%, BCER train=3.264%, BWER train=34.317%, skip ratio=0.000%, wrote checkpoint.
At iteration 12898/42500/42500, mean rms=0.728%, delta=1.019%, BCER train=3.264%, BWER train=34.317%, skip ratio=0.000%, wrote checkpoint.
At iteration 12920/42600/42600, mean rms=0.714%, delta=0.984%, BCER train=3.074%, BWER train=33.350%, skip ratio=0.000%, wrote checkpoint.
At iteration 12944/42700/42700, mean rms=0.715%, delta=0.984%, BCER train=3.111%, BWER train=33.300%, skip ratio=0.000%, wrote checkpoint.
At iteration 12971/42800/42800, mean rms=0.725%, delta=1.023%, BCER train=3.261%, BWER train=34.225%, skip ratio=0.000%, wrote checkpoint.
At iteration 12999/42900/42900, mean rms=0.730%, delta=1.045%, BCER train=3.314%, BWER train=35.158%, skip ratio=0.000%, wrote checkpoint.
At iteration 13022/43000/43000, mean rms=0.715%, delta=1.005%, BCER train=3.236%, BWER train=34.658%, skip ratio=0.000%, wrote checkpoint.
At iteration 13048/43100/43100, mean rms=0.721%, delta=1.022%, BCER train=3.340%, BWER train=35.208%, skip ratio=0.000%, wrote checkpoint.
At iteration 13073/43200/43200, mean rms=0.721%, delta=1.043%, BCER train=3.373%, BWER train=35.533%, skip ratio=0.000%, wrote checkpoint.
At iteration 13094/43300/43300, mean rms=0.718%, delta=1.014%, BCER train=3.385%, BWER train=35.183%, skip ratio=0.000%, wrote checkpoint.
At iteration 13113/43400/43400, mean rms=0.716%, delta=1.016%, BCER train=3.405%, BWER train=34.808%, skip ratio=0.000%, wrote checkpoint.
At iteration 13144/43500/43500, mean rms=0.714%, delta=1.021%, BCER train=3.444%, BWER train=36.075%, skip ratio=0.000%, wrote checkpoint.
At iteration 13163/43600/43600, mean rms=0.721%, delta=1.033%, BCER train=3.507%, BWER train=36.142%, skip ratio=0.000%, wrote checkpoint.
At iteration 13185/43700/43700, mean rms=0.712%, delta=1.015%, BCER train=3.431%, BWER train=35.658%, skip ratio=0.000%, wrote checkpoint.
At iteration 13208/43800/43800, mean rms=0.709%, delta=0.994%, BCER train=3.322%, BWER train=35.433%, skip ratio=0.000%, wrote checkpoint.
At iteration 13237/43900/43900, mean rms=0.707%, delta=0.997%, BCER train=3.319%, BWER train=35.383%, skip ratio=0.000%, wrote checkpoint.
At iteration 13263/44000/44000, mean rms=0.717%, delta=1.062%, BCER train=3.408%, BWER train=35.133%, skip ratio=0.000%, wrote checkpoint.
At iteration 13284/44100/44100, mean rms=0.710%, delta=1.060%, BCER train=3.343%, BWER train=34.183%, skip ratio=0.000%, wrote checkpoint.
At iteration 13310/44200/44200, mean rms=0.713%, delta=1.053%, BCER train=3.308%, BWER train=33.683%, skip ratio=0.000%, wrote checkpoint.
At iteration 13329/44300/44300, mean rms=0.715%, delta=1.075%, BCER train=3.354%, BWER train=33.217%, skip ratio=0.000%, wrote checkpoint.
At iteration 13348/44400/44400, mean rms=0.709%, delta=1.054%, BCER train=3.313%, BWER train=32.817%, skip ratio=0.000%, wrote checkpoint.
At iteration 13372/44500/44500, mean rms=0.710%, delta=1.046%, BCER train=3.275%, BWER train=31.967%, skip ratio=0.000%, wrote checkpoint.
At iteration 13397/44600/44600, mean rms=0.714%, delta=1.085%, BCER train=3.351%, BWER train=31.800%, skip ratio=0.000%, wrote checkpoint.
At iteration 13428/44700/44700, mean rms=0.728%, delta=1.149%, BCER train=3.468%, BWER train=31.883%, skip ratio=0.000%, wrote checkpoint.
At iteration 13450/44800/44800, mean rms=0.723%, delta=1.147%, BCER train=3.474%, BWER train=31.183%, skip ratio=0.000%, wrote checkpoint.
At iteration 13476/44900/44900, mean rms=0.719%, delta=1.143%, BCER train=3.491%, BWER train=30.483%, skip ratio=0.000%, wrote checkpoint.
At iteration 13502/45000/45000, mean rms=0.718%, delta=1.148%, BCER train=3.469%, BWER train=30.333%, skip ratio=0.000%, wrote checkpoint.
At iteration 13527/45100/45100, mean rms=0.724%, delta=1.152%, BCER train=3.533%, BWER train=31.033%, skip ratio=0.000%, wrote checkpoint.
At iteration 13561/45200/45200, mean rms=0.739%, delta=1.232%, BCER train=3.765%, BWER train=32.233%, skip ratio=0.000%, wrote checkpoint.
At iteration 13587/45300/45300, mean rms=0.754%, delta=1.264%, BCER train=3.876%, BWER train=33.300%, skip ratio=0.000%, wrote checkpoint.
At iteration 13610/45400/45400, mean rms=0.770%, delta=1.321%, BCER train=4.076%, BWER train=34.200%, skip ratio=0.000%, wrote checkpoint.
At iteration 13638/45500/45500, mean rms=0.770%, delta=1.335%, BCER train=4.150%, BWER train=34.650%, skip ratio=0.000%, wrote checkpoint.
At iteration 13659/45600/45600, mean rms=0.763%, delta=1.287%, BCER train=4.008%, BWER train=35.050%, skip ratio=0.000%, wrote checkpoint.
At iteration 13678/45700/45700, mean rms=0.747%, delta=1.228%, BCER train=3.868%, BWER train=34.133%, skip ratio=0.000%, wrote checkpoint.
At iteration 13703/45800/45800, mean rms=0.758%, delta=1.249%, BCER train=3.959%, BWER train=34.958%, skip ratio=0.000%, wrote checkpoint.
At iteration 13730/45900/45900, mean rms=0.756%, delta=1.241%, BCER train=3.848%, BWER train=34.808%, skip ratio=0.000%, wrote checkpoint.
At iteration 13754/46000/46000, mean rms=0.756%, delta=1.238%, BCER train=3.873%, BWER train=34.658%, skip ratio=0.000%, wrote checkpoint.
At iteration 13781/46100/46100, mean rms=0.754%, delta=1.243%, BCER train=3.853%, BWER train=34.075%, skip ratio=0.000%, wrote checkpoint.
At iteration 13803/46200/46200, mean rms=0.733%, delta=1.144%, BCER train=3.571%, BWER train=32.375%, skip ratio=0.000%, wrote checkpoint.
At iteration 13825/46300/46300, mean rms=0.722%, delta=1.116%, BCER train=3.449%, BWER train=31.875%, skip ratio=0.000%, wrote checkpoint.
At iteration 13855/46400/46400, mean rms=0.729%, delta=1.116%, BCER train=3.498%, BWER train=32.942%, skip ratio=0.000%, wrote checkpoint.
At iteration 13889/46500/46500, mean rms=0.753%, delta=1.165%, BCER train=3.713%, BWER train=33.542%, skip ratio=0.000%, wrote checkpoint.
At iteration 13925/46600/46600, mean rms=0.784%, delta=1.258%, BCER train=4.102%, BWER train=35.092%, skip ratio=0.000%, wrote checkpoint.
Warning: LSTMTrainer deserialized an LSTMRecognizer!
At iteration 13956/46700/46700, mean rms=0.797%, delta=1.314%, BCER train=4.286%, BWER train=36.358%, skip ratio=0.000%, New worst BCER = 4.286At iteration 11369, stage 1, BCER eval=3.888, BWER eval=34.524 wrote checkpoint.
At iteration 13983/46800/46800, mean rms=0.792%, delta=1.297%, BCER train=4.246%, BWER train=36.283%, skip ratio=0.000%, wrote checkpoint.
At iteration 14010/46900/46900, mean rms=0.796%, delta=1.328%, BCER train=4.373%, BWER train=36.983%, skip ratio=0.000%, New worst BCER = 4.373Previous test incomplete, skipping test at iteration 13956 wrote checkpoint.
At iteration 14035/47000/47000, mean rms=0.786%, delta=1.259%, BCER train=4.215%, BWER train=37.183%, skip ratio=0.000%, wrote checkpoint.
At iteration 14054/47100/47100, mean rms=0.786%, delta=1.273%, BCER train=4.278%, BWER train=36.983%, skip ratio=0.000%, wrote checkpoint.
At iteration 14077/47200/47200, mean rms=0.788%, delta=1.277%, BCER train=4.296%, BWER train=36.900%, skip ratio=0.000%, wrote checkpoint.
At iteration 14105/47300/47300, mean rms=0.793%, delta=1.308%, BCER train=4.330%, BWER train=37.250%, skip ratio=0.000%, wrote checkpoint.
At iteration 14124/47400/47400, mean rms=0.770%, delta=1.257%, BCER train=4.089%, BWER train=35.550%, skip ratio=0.000%, wrote checkpoint.
At iteration 14147/47500/47500, mean rms=0.741%, delta=1.167%, BCER train=3.770%, BWER train=34.183%, skip ratio=0.000%, wrote checkpoint.
At iteration 14173/47600/47600, mean rms=0.710%, delta=1.088%, BCER train=3.445%, BWER train=32.417%, skip ratio=0.000%, wrote checkpoint.
At iteration 14200/47700/47700, mean rms=0.709%, delta=1.065%, BCER train=3.402%, BWER train=33.283%, skip ratio=0.000%, wrote checkpoint.
At iteration 14227/47800/47800, mean rms=0.713%, delta=1.093%, BCER train=3.470%, BWER train=33.350%, skip ratio=0.000%, wrote checkpoint.
At iteration 14249/47900/47900, mean rms=0.705%, delta=1.050%, BCER train=3.385%, BWER train=33.100%, skip ratio=0.000%, wrote checkpoint.
At iteration 14268/48000/48000, mean rms=0.700%, delta=1.031%, BCER train=3.365%, BWER train=33.150%, skip ratio=0.000%, wrote checkpoint.
At iteration 14294/48100/48100, mean rms=0.712%, delta=1.093%, BCER train=3.418%, BWER train=34.083%, skip ratio=0.000%, wrote checkpoint.
At iteration 14319/48200/48200, mean rms=0.720%, delta=1.098%, BCER train=3.493%, BWER train=34.967%, skip ratio=0.000%, wrote checkpoint.
At iteration 14354/48300/48300, mean rms=0.733%, delta=1.139%, BCER train=3.693%, BWER train=35.967%, skip ratio=0.000%, wrote checkpoint.
At iteration 14380/48400/48400, mean rms=0.744%, delta=1.158%, BCER train=3.809%, BWER train=36.800%, skip ratio=0.000%, wrote checkpoint.
At iteration 14418/48500/48500, mean rms=0.766%, delta=1.230%, BCER train=3.972%, BWER train=38.400%, skip ratio=0.000%, wrote checkpoint.
At iteration 14445/48600/48600, mean rms=0.773%, delta=1.222%, BCER train=3.993%, BWER train=39.017%, skip ratio=0.000%, wrote checkpoint.
At iteration 14470/48700/48700, mean rms=0.770%, delta=1.205%, BCER train=3.969%, BWER train=38.300%, skip ratio=0.000%, wrote checkpoint.
At iteration 14495/48800/48800, mean rms=0.764%, delta=1.184%, BCER train=3.889%, BWER train=38.033%, skip ratio=0.000%, wrote checkpoint.
At iteration 14520/48900/48900, mean rms=0.764%, delta=1.184%, BCER train=3.892%, BWER train=38.483%, skip ratio=0.000%, wrote checkpoint.
At iteration 14541/49000/49000, mean rms=0.766%, delta=1.195%, BCER train=3.926%, BWER train=38.683%, skip ratio=0.000%, wrote checkpoint.
At iteration 14562/49100/49100, mean rms=0.751%, delta=1.109%, BCER train=3.733%, BWER train=37.617%, skip ratio=0.000%, wrote checkpoint.
At iteration 14579/49200/49200, mean rms=0.743%, delta=1.097%, BCER train=3.637%, BWER train=37.117%, skip ratio=0.000%, wrote checkpoint.
At iteration 14603/49300/49300, mean rms=0.734%, delta=1.058%, BCER train=3.491%, BWER train=36.600%, skip ratio=0.000%, wrote checkpoint.
At iteration 14618/49400/49400, mean rms=0.732%, delta=1.098%, BCER train=3.465%, BWER train=35.867%, skip ratio=0.000%, wrote checkpoint.
At iteration 14647/49500/49500, mean rms=0.722%, delta=1.075%, BCER train=3.409%, BWER train=34.967%, skip ratio=0.000%, wrote checkpoint.
At iteration 14669/49600/49600, mean rms=0.720%, delta=1.082%, BCER train=3.348%, BWER train=33.967%, skip ratio=0.000%, wrote checkpoint.
At iteration 14702/49700/49700, mean rms=0.731%, delta=1.108%, BCER train=3.391%, BWER train=35.000%, skip ratio=0.000%, wrote checkpoint.
At iteration 14735/49800/49800, mean rms=0.750%, delta=1.154%, BCER train=3.565%, BWER train=36.367%, skip ratio=0.000%, wrote checkpoint.
At iteration 14769/49900/49900, mean rms=0.766%, delta=1.222%, BCER train=3.732%, BWER train=36.167%, skip ratio=0.000%, wrote checkpoint.
At iteration 14791/50000/50000, mean rms=0.763%, delta=1.207%, BCER train=3.684%, BWER train=35.517%, skip ratio=0.000%, wrote checkpoint.
Finished! Selected model with minimal training error rate (BCER) = 2.963
